[debug] [2021-05-14T05:25:07.811Z] ----------------------------------------------------------------------
[debug] [2021-05-14T05:25:07.816Z] Command:       C:\Program Files\nodejs\node.exe C:\Users\Admin\AppData\Roaming\npm\node_modules\firebase-tools\lib\bin\firebase.js emulators:start
[debug] [2021-05-14T05:25:07.817Z] CLI Version:   9.10.0
[debug] [2021-05-14T05:25:07.817Z] Platform:      win32
[debug] [2021-05-14T05:25:07.818Z] Node Version:  v14.15.1
[debug] [2021-05-14T05:25:07.820Z] Time:          Fri May 14 2021 10:55:07 GMT+0530 (India Standard Time)
[debug] [2021-05-14T05:25:07.820Z] ----------------------------------------------------------------------
[debug] 
[debug] [2021-05-14T05:25:07.839Z] > command requires scopes: ["email","openid","https://www.googleapis.com/auth/cloudplatformprojects.readonly","https://www.googleapis.com/auth/firebase","https://www.googleapis.com/auth/cloud-platform"]
[debug] [2021-05-14T05:25:07.839Z] > authorizing via signed-in user (karmakar.tanaya@gmail.com)
[info] i  emulators: Starting emulators: functions, hosting {"metadata":{"emulator":{"name":"hub"},"message":"Starting emulators: functions, hosting"}}
[debug] [2021-05-14T05:25:07.926Z] [hub] writing locator at C:\Users\Admin\AppData\Local\Temp\hub-challenge-c56d1.json
[warn] !  functions: The following emulators are not running, calls to these services from the Functions emulator will affect production: auth, firestore, database, pubsub {"metadata":{"emulator":{"name":"functions"},"message":"The following emulators are not running, calls to these services from the Functions emulator will affect production: \u001b[1mauth, firestore, database, pubsub\u001b[22m"}}
[warn] !  Your requested "node" version "12" doesn't match your global version "14" {"metadata":{"emulator":{"name":"functions"},"message":"Your requested \"node\" version \"12\" doesn't match your global version \"14\""}}
[debug] [2021-05-14T05:25:07.990Z] defaultcredentials: writing to file C:\Users\Admin\AppData\Roaming\firebase\karmakar_tanaya_gmail.com_application_default_credentials.json
[debug] [2021-05-14T05:25:07.995Z] Setting GAC to C:\Users\Admin\AppData\Roaming\firebase\karmakar_tanaya_gmail.com_application_default_credentials.json {"metadata":{"emulator":{"name":"functions"},"message":"Setting GAC to C:\\Users\\Admin\\AppData\\Roaming\\firebase\\karmakar_tanaya_gmail.com_application_default_credentials.json"}}
[debug] [2021-05-14T05:25:08.002Z] >>> [apiv2][query] GET https://firebase.googleapis.com/v1beta1/projects/challenge-c56d1/adminSdkConfig [none]
[debug] [2021-05-14T05:25:08.603Z] <<< [apiv2][status] GET https://firebase.googleapis.com/v1beta1/projects/challenge-c56d1/adminSdkConfig 200
[debug] [2021-05-14T05:25:08.603Z] <<< [apiv2][body] GET https://firebase.googleapis.com/v1beta1/projects/challenge-c56d1/adminSdkConfig {"projectId":"challenge-c56d1","databaseURL":"https://challenge-c56d1-default-rtdb.firebaseio.com","storageBucket":"challenge-c56d1.appspot.com"}
[debug] [2021-05-14T05:25:08.719Z] >>> [apiv2][query] GET https://firebase.googleapis.com/v1beta1/projects/challenge-c56d1/webApps/-/config [none]
[debug] [2021-05-14T05:25:10.016Z] <<< [apiv2][status] GET https://firebase.googleapis.com/v1beta1/projects/challenge-c56d1/webApps/-/config 200
[debug] [2021-05-14T05:25:10.017Z] <<< [apiv2][body] GET https://firebase.googleapis.com/v1beta1/projects/challenge-c56d1/webApps/-/config {"projectId":"challenge-c56d1","appId":"1:510026674686:web:37522dbac680a1ebab10af","databaseURL":"https://challenge-c56d1-default-rtdb.firebaseio.com","storageBucket":"challenge-c56d1.appspot.com","apiKey":"AIzaSyBhfQZENdBa8wbheZnRjjpJNNg7Ny6lWz0","authDomain":"challenge-c56d1.firebaseapp.com","messagingSenderId":"510026674686","measurementId":"G-TT3R3J33FC"}
[info] i  hosting: Serving hosting files from: build {"metadata":{"emulator":{"name":"hosting"},"message":"Serving hosting files from: \u001b[1mbuild\u001b[22m"}}
[info] +  hosting: Local server: http://localhost:5000 {"metadata":{"emulator":{"name":"hosting"},"message":"Local server: \u001b[4m\u001b[1mhttp://localhost:5000\u001b[22m\u001b[24m"}}
[debug] [2021-05-14T05:25:10.125Z] Ignoring unsupported arg: auto_download {"metadata":{"emulator":{"name":"ui"},"message":"Ignoring unsupported arg: auto_download"}}
[debug] [2021-05-14T05:25:10.126Z] Ignoring unsupported arg: port {"metadata":{"emulator":{"name":"ui"},"message":"Ignoring unsupported arg: port"}}
[debug] [2021-05-14T05:25:10.127Z] Starting Emulator UI with command {"binary":"node","args":["C:\\Users\\Admin\\.cache\\firebase\\emulators\\ui-v1.4.2\\server.bundle.js"],"optionalArgs":[],"joinArgs":false} {"metadata":{"emulator":{"name":"ui"},"message":"Starting Emulator UI with command {\"binary\":\"node\",\"args\":[\"C:\\\\Users\\\\Admin\\\\.cache\\\\firebase\\\\emulators\\\\ui-v1.4.2\\\\server.bundle.js\"],\"optionalArgs\":[],\"joinArgs\":false}"}}
[info] i  ui: Emulator UI logging to ui-debug.log {"metadata":{"emulator":{"name":"ui"},"message":"Emulator UI logging to \u001b[1mui-debug.log\u001b[22m"}}
[debug] [2021-05-14T05:25:10.368Z] Web / API server started at http://localhost:4000
 {"metadata":{"emulator":{"name":"ui"},"message":"Web / API server started at http://localhost:4000\n"}}
[info] i  functions: Watching "E:\Projects\Frontend\react_projects\amazon-clone-1\functions" for Cloud Functions... {"metadata":{"emulator":{"name":"functions"},"message":"Watching \"E:\\Projects\\Frontend\\react_projects\\amazon-clone-1\\functions\" for Cloud Functions..."}}
[debug] [2021-05-14T05:25:10.458Z] [worker-pool] addWorker(~diagnostic~) {"metadata":{"emulator":{"name":"functions"},"message":"[worker-pool] addWorker(~diagnostic~)"}}
[debug] [2021-05-14T05:25:10.459Z] [worker-pool] Adding worker with key ~diagnostic~, total=1 {"metadata":{"emulator":{"name":"functions"},"message":"[worker-pool] Adding worker with key ~diagnostic~, total=1"}}
[debug] [2021-05-14T05:25:10.460Z] [worker-pool] submitWork(triggerId=) {"metadata":{"emulator":{"name":"functions"},"message":"[worker-pool] submitWork(triggerId=)"}}
[debug] [2021-05-14T05:25:10.461Z] [worker-~diagnostic~-6d3e9794-b06d-41f2-8f7f-6816bfb2228c]: Assigning socketPath: \\?\pipe\E:\Projects\Frontend\react_projects\amazon-clone-1\functions\11600 {"metadata":{"emulator":{"name":"functions"},"message":"[worker-~diagnostic~-6d3e9794-b06d-41f2-8f7f-6816bfb2228c]: Assigning socketPath: \\\\?\\pipe\\E:\\Projects\\Frontend\\react_projects\\amazon-clone-1\\functions\\11600"}}
[debug] [2021-05-14T05:25:10.461Z] [worker-~diagnostic~-6d3e9794-b06d-41f2-8f7f-6816bfb2228c]: BUSY {"metadata":{"emulator":{"name":"functions"},"message":"[worker-~diagnostic~-6d3e9794-b06d-41f2-8f7f-6816bfb2228c]: BUSY"}}
[debug] [2021-05-14T05:25:11.035Z] [runtime-status] [11600] Functions runtime initialized. {"cwd":"E:\\Projects\\Frontend\\react_projects\\amazon-clone-1\\functions","node_version":"14.15.1"} {"metadata":{"emulator":{"name":"functions"},"message":"[runtime-status] [11600] Functions runtime initialized. {\"cwd\":\"E:\\\\Projects\\\\Frontend\\\\react_projects\\\\amazon-clone-1\\\\functions\",\"node_version\":\"14.15.1\"}"}}
[debug] [2021-05-14T05:25:11.036Z] [runtime-status] [11600] Disabled runtime features: undefined {"metadata":{"emulator":{"name":"functions"},"message":"[runtime-status] [11600] Disabled runtime features: undefined"}}
[debug] [2021-05-14T05:25:11.043Z] [runtime-status] [11600] Resolved module firebase-admin {"declared":true,"installed":true,"version":"9.8.0","resolution":"E:\\Projects\\Frontend\\react_projects\\amazon-clone-1\\functions\\node_modules\\firebase-admin\\lib\\index.js"} {"metadata":{"emulator":{"name":"functions"},"message":"[runtime-status] [11600] Resolved module firebase-admin {\"declared\":true,\"installed\":true,\"version\":\"9.8.0\",\"resolution\":\"E:\\\\Projects\\\\Frontend\\\\react_projects\\\\amazon-clone-1\\\\functions\\\\node_modules\\\\firebase-admin\\\\lib\\\\index.js\"}"}}
[debug] [2021-05-14T05:25:11.048Z] [runtime-status] [11600] Resolved module firebase-functions {"declared":true,"installed":true,"version":"3.14.0","resolution":"E:\\Projects\\Frontend\\react_projects\\amazon-clone-1\\functions\\node_modules\\firebase-functions\\lib\\index.js"} {"metadata":{"emulator":{"name":"functions"},"message":"[runtime-status] [11600] Resolved module firebase-functions {\"declared\":true,\"installed\":true,\"version\":\"3.14.0\",\"resolution\":\"E:\\\\Projects\\\\Frontend\\\\react_projects\\\\amazon-clone-1\\\\functions\\\\node_modules\\\\firebase-functions\\\\lib\\\\index.js\"}"}}
[debug] [2021-05-14T05:25:11.053Z] [runtime-status] [11600] Resolved module firebase-functions {"declared":true,"installed":true,"version":"3.14.0","resolution":"E:\\Projects\\Frontend\\react_projects\\amazon-clone-1\\functions\\node_modules\\firebase-functions\\lib\\index.js"} {"metadata":{"emulator":{"name":"functions"},"message":"[runtime-status] [11600] Resolved module firebase-functions {\"declared\":true,\"installed\":true,\"version\":\"3.14.0\",\"resolution\":\"E:\\\\Projects\\\\Frontend\\\\react_projects\\\\amazon-clone-1\\\\functions\\\\node_modules\\\\firebase-functions\\\\lib\\\\index.js\"}"}}
[debug] [2021-05-14T05:25:11.056Z] [runtime-status] [11600] Outgoing network have been stubbed. [{"name":"http","status":"mocked"},{"name":"http","status":"mocked"},{"name":"https","status":"mocked"},{"name":"https","status":"mocked"},{"name":"net","status":"mocked"}] {"metadata":{"emulator":{"name":"functions"},"message":"[runtime-status] [11600] Outgoing network have been stubbed. [{\"name\":\"http\",\"status\":\"mocked\"},{\"name\":\"http\",\"status\":\"mocked\"},{\"name\":\"https\",\"status\":\"mocked\"},{\"name\":\"https\",\"status\":\"mocked\"},{\"name\":\"net\",\"status\":\"mocked\"}]"}}
[debug] [2021-05-14T05:25:11.058Z] [runtime-status] [11600] Resolved module firebase-functions {"declared":true,"installed":true,"version":"3.14.0","resolution":"E:\\Projects\\Frontend\\react_projects\\amazon-clone-1\\functions\\node_modules\\firebase-functions\\lib\\index.js"} {"metadata":{"emulator":{"name":"functions"},"message":"[runtime-status] [11600] Resolved module firebase-functions {\"declared\":true,\"installed\":true,\"version\":\"3.14.0\",\"resolution\":\"E:\\\\Projects\\\\Frontend\\\\react_projects\\\\amazon-clone-1\\\\functions\\\\node_modules\\\\firebase-functions\\\\lib\\\\index.js\"}"}}
[debug] [2021-05-14T05:25:11.185Z] [runtime-status] [11600] Checked functions.config() {"config":{}} {"metadata":{"emulator":{"name":"functions"},"message":"[runtime-status] [11600] Checked functions.config() {\"config\":{}}"}}
[debug] [2021-05-14T05:25:11.187Z] [runtime-status] [11600] firebase-functions has been stubbed. {"functionsResolution":{"declared":true,"installed":true,"version":"3.14.0","resolution":"E:\\Projects\\Frontend\\react_projects\\amazon-clone-1\\functions\\node_modules\\firebase-functions\\lib\\index.js"}} {"metadata":{"emulator":{"name":"functions"},"message":"[runtime-status] [11600] firebase-functions has been stubbed. {\"functionsResolution\":{\"declared\":true,\"installed\":true,\"version\":\"3.14.0\",\"resolution\":\"E:\\\\Projects\\\\Frontend\\\\react_projects\\\\amazon-clone-1\\\\functions\\\\node_modules\\\\firebase-functions\\\\lib\\\\index.js\"}}"}}
[debug] [2021-05-14T05:25:11.188Z] [runtime-status] [11600] Resolved module firebase-functions {"declared":true,"installed":true,"version":"3.14.0","resolution":"E:\\Projects\\Frontend\\react_projects\\amazon-clone-1\\functions\\node_modules\\firebase-functions\\lib\\index.js"} {"metadata":{"emulator":{"name":"functions"},"message":"[runtime-status] [11600] Resolved module firebase-functions {\"declared\":true,\"installed\":true,\"version\":\"3.14.0\",\"resolution\":\"E:\\\\Projects\\\\Frontend\\\\react_projects\\\\amazon-clone-1\\\\functions\\\\node_modules\\\\firebase-functions\\\\lib\\\\index.js\"}"}}
[debug] [2021-05-14T05:25:11.191Z] [runtime-status] [11600] Resolved module firebase-admin {"declared":true,"installed":true,"version":"9.8.0","resolution":"E:\\Projects\\Frontend\\react_projects\\amazon-clone-1\\functions\\node_modules\\firebase-admin\\lib\\index.js"} {"metadata":{"emulator":{"name":"functions"},"message":"[runtime-status] [11600] Resolved module firebase-admin {\"declared\":true,\"installed\":true,\"version\":\"9.8.0\",\"resolution\":\"E:\\\\Projects\\\\Frontend\\\\react_projects\\\\amazon-clone-1\\\\functions\\\\node_modules\\\\firebase-admin\\\\lib\\\\index.js\"}"}}
[debug] [2021-05-14T05:25:11.192Z] [runtime-status] [11600] Resolved module firebase-functions {"declared":true,"installed":true,"version":"3.14.0","resolution":"E:\\Projects\\Frontend\\react_projects\\amazon-clone-1\\functions\\node_modules\\firebase-functions\\lib\\index.js"} {"metadata":{"emulator":{"name":"functions"},"message":"[runtime-status] [11600] Resolved module firebase-functions {\"declared\":true,\"installed\":true,\"version\":\"3.14.0\",\"resolution\":\"E:\\\\Projects\\\\Frontend\\\\react_projects\\\\amazon-clone-1\\\\functions\\\\node_modules\\\\firebase-functions\\\\lib\\\\index.js\"}"}}
[debug] [2021-05-14T05:25:11.193Z] [runtime-status] [11600] firebase-admin has been stubbed. {"adminResolution":{"declared":true,"installed":true,"version":"9.8.0","resolution":"E:\\Projects\\Frontend\\react_projects\\amazon-clone-1\\functions\\node_modules\\firebase-admin\\lib\\index.js"}} {"metadata":{"emulator":{"name":"functions"},"message":"[runtime-status] [11600] firebase-admin has been stubbed. {\"adminResolution\":{\"declared\":true,\"installed\":true,\"version\":\"9.8.0\",\"resolution\":\"E:\\\\Projects\\\\Frontend\\\\react_projects\\\\amazon-clone-1\\\\functions\\\\node_modules\\\\firebase-admin\\\\lib\\\\index.js\"}}"}}
[info] +  functions[api]: http function initialized (http://localhost:5001/challenge-c56d1/us-central1/api). {"metadata":{"emulator":{"name":"functions"},"message":"\u001b[1mhttp\u001b[22m function initialized (http://localhost:5001/challenge-c56d1/us-central1/api)."}}
[info] 
┌─────────────────────────────────────────────────────────────┐
│ ✔  All emulators ready! It is now safe to connect your app. │
│ i  View Emulator UI at http://localhost:4000                │
└─────────────────────────────────────────────────────────────┘

┌───────────┬────────────────┬─────────────────────────────────┐
│ Emulator  │ Host:Port      │ View in Emulator UI             │
├───────────┼────────────────┼─────────────────────────────────┤
│ Functions │ localhost:5001 │ http://localhost:4000/functions │
├───────────┼────────────────┼─────────────────────────────────┤
│ Hosting   │ localhost:5000 │ n/a                             │
└───────────┴────────────────┴─────────────────────────────────┘
  Emulator Hub running at localhost:4400
  Other reserved ports: 4500

Issues? Report them at https://github.com/firebase/firebase-tools/issues and attach the *-debug.log files.
 
[debug] [2021-05-14T05:25:11.654Z] [worker-~diagnostic~-6d3e9794-b06d-41f2-8f7f-6816bfb2228c]: IDLE {"metadata":{"emulator":{"name":"functions"},"message":"[worker-~diagnostic~-6d3e9794-b06d-41f2-8f7f-6816bfb2228c]: IDLE"}}
[debug] [2021-05-14T05:25:45.039Z] [work-queue] {"queueLength":1,"workRunningCount":0}
[debug] [2021-05-14T05:25:45.041Z] [work-queue] {"queueLength":0,"workRunningCount":1}
[debug] [2021-05-14T05:25:45.042Z] Accepted request GET /challenge-c56d1/us-central1/api --> api
[debug] [2021-05-14T05:25:45.060Z] [worker-pool] addWorker(api) {"metadata":{"emulator":{"name":"functions"},"message":"[worker-pool] addWorker(api)"}}
[debug] [2021-05-14T05:25:45.061Z] [worker-pool] Adding worker with key api, total=1 {"metadata":{"emulator":{"name":"functions"},"message":"[worker-pool] Adding worker with key api, total=1"}}
[debug] [2021-05-14T05:25:45.062Z] [worker-pool] submitWork(triggerId=api) {"metadata":{"emulator":{"name":"functions"},"message":"[worker-pool] submitWork(triggerId=api)"}}
[debug] [2021-05-14T05:25:45.062Z] [worker-api-96326609-3d15-4d5e-9b4e-730c3a3ac7b0]: Assigning socketPath: \\?\pipe\E:\Projects\Frontend\react_projects\amazon-clone-1\functions\4668 {"metadata":{"emulator":{"name":"functions"},"message":"[worker-api-96326609-3d15-4d5e-9b4e-730c3a3ac7b0]: Assigning socketPath: \\\\?\\pipe\\E:\\Projects\\Frontend\\react_projects\\amazon-clone-1\\functions\\4668"}}
[debug] [2021-05-14T05:25:45.063Z] [worker-api-96326609-3d15-4d5e-9b4e-730c3a3ac7b0]: BUSY {"metadata":{"emulator":{"name":"functions"},"message":"[worker-api-96326609-3d15-4d5e-9b4e-730c3a3ac7b0]: BUSY"}}
[debug] [2021-05-14T05:25:45.629Z] [runtime-status] [4668] Functions runtime initialized. {"cwd":"E:\\Projects\\Frontend\\react_projects\\amazon-clone-1\\functions","node_version":"14.15.1"} {"metadata":{"emulator":{"name":"functions"},"function":{"name":"api"},"message":"[runtime-status] [4668] Functions runtime initialized. {\"cwd\":\"E:\\\\Projects\\\\Frontend\\\\react_projects\\\\amazon-clone-1\\\\functions\",\"node_version\":\"14.15.1\"}"}}
[debug] [2021-05-14T05:25:45.632Z] [runtime-status] [4668] Disabled runtime features: undefined {"metadata":{"emulator":{"name":"functions"},"function":{"name":"api"},"message":"[runtime-status] [4668] Disabled runtime features: undefined"}}
[debug] [2021-05-14T05:25:45.641Z] [runtime-status] [4668] Resolved module firebase-admin {"declared":true,"installed":true,"version":"9.8.0","resolution":"E:\\Projects\\Frontend\\react_projects\\amazon-clone-1\\functions\\node_modules\\firebase-admin\\lib\\index.js"} {"metadata":{"emulator":{"name":"functions"},"function":{"name":"api"},"message":"[runtime-status] [4668] Resolved module firebase-admin {\"declared\":true,\"installed\":true,\"version\":\"9.8.0\",\"resolution\":\"E:\\\\Projects\\\\Frontend\\\\react_projects\\\\amazon-clone-1\\\\functions\\\\node_modules\\\\firebase-admin\\\\lib\\\\index.js\"}"}}
[debug] [2021-05-14T05:25:45.646Z] [runtime-status] [4668] Resolved module firebase-functions {"declared":true,"installed":true,"version":"3.14.0","resolution":"E:\\Projects\\Frontend\\react_projects\\amazon-clone-1\\functions\\node_modules\\firebase-functions\\lib\\index.js"} {"metadata":{"emulator":{"name":"functions"},"function":{"name":"api"},"message":"[runtime-status] [4668] Resolved module firebase-functions {\"declared\":true,\"installed\":true,\"version\":\"3.14.0\",\"resolution\":\"E:\\\\Projects\\\\Frontend\\\\react_projects\\\\amazon-clone-1\\\\functions\\\\node_modules\\\\firebase-functions\\\\lib\\\\index.js\"}"}}
[debug] [2021-05-14T05:25:45.651Z] [runtime-status] [4668] Resolved module firebase-functions {"declared":true,"installed":true,"version":"3.14.0","resolution":"E:\\Projects\\Frontend\\react_projects\\amazon-clone-1\\functions\\node_modules\\firebase-functions\\lib\\index.js"} {"metadata":{"emulator":{"name":"functions"},"function":{"name":"api"},"message":"[runtime-status] [4668] Resolved module firebase-functions {\"declared\":true,\"installed\":true,\"version\":\"3.14.0\",\"resolution\":\"E:\\\\Projects\\\\Frontend\\\\react_projects\\\\amazon-clone-1\\\\functions\\\\node_modules\\\\firebase-functions\\\\lib\\\\index.js\"}"}}
[debug] [2021-05-14T05:25:45.657Z] [runtime-status] [4668] Outgoing network have been stubbed. [{"name":"http","status":"mocked"},{"name":"http","status":"mocked"},{"name":"https","status":"mocked"},{"name":"https","status":"mocked"},{"name":"net","status":"mocked"}] {"metadata":{"emulator":{"name":"functions"},"function":{"name":"api"},"message":"[runtime-status] [4668] Outgoing network have been stubbed. [{\"name\":\"http\",\"status\":\"mocked\"},{\"name\":\"http\",\"status\":\"mocked\"},{\"name\":\"https\",\"status\":\"mocked\"},{\"name\":\"https\",\"status\":\"mocked\"},{\"name\":\"net\",\"status\":\"mocked\"}]"}}
[debug] [2021-05-14T05:25:45.659Z] [runtime-status] [4668] Resolved module firebase-functions {"declared":true,"installed":true,"version":"3.14.0","resolution":"E:\\Projects\\Frontend\\react_projects\\amazon-clone-1\\functions\\node_modules\\firebase-functions\\lib\\index.js"} {"metadata":{"emulator":{"name":"functions"},"function":{"name":"api"},"message":"[runtime-status] [4668] Resolved module firebase-functions {\"declared\":true,\"installed\":true,\"version\":\"3.14.0\",\"resolution\":\"E:\\\\Projects\\\\Frontend\\\\react_projects\\\\amazon-clone-1\\\\functions\\\\node_modules\\\\firebase-functions\\\\lib\\\\index.js\"}"}}
[debug] [2021-05-14T05:25:45.796Z] [runtime-status] [4668] Checked functions.config() {"config":{}} {"metadata":{"emulator":{"name":"functions"},"function":{"name":"api"},"message":"[runtime-status] [4668] Checked functions.config() {\"config\":{}}"}}
[debug] [2021-05-14T05:25:45.797Z] [runtime-status] [4668] firebase-functions has been stubbed. {"functionsResolution":{"declared":true,"installed":true,"version":"3.14.0","resolution":"E:\\Projects\\Frontend\\react_projects\\amazon-clone-1\\functions\\node_modules\\firebase-functions\\lib\\index.js"}} {"metadata":{"emulator":{"name":"functions"},"function":{"name":"api"},"message":"[runtime-status] [4668] firebase-functions has been stubbed. {\"functionsResolution\":{\"declared\":true,\"installed\":true,\"version\":\"3.14.0\",\"resolution\":\"E:\\\\Projects\\\\Frontend\\\\react_projects\\\\amazon-clone-1\\\\functions\\\\node_modules\\\\firebase-functions\\\\lib\\\\index.js\"}}"}}
[debug] [2021-05-14T05:25:45.800Z] [runtime-status] [4668] Resolved module firebase-functions {"declared":true,"installed":true,"version":"3.14.0","resolution":"E:\\Projects\\Frontend\\react_projects\\amazon-clone-1\\functions\\node_modules\\firebase-functions\\lib\\index.js"} {"metadata":{"emulator":{"name":"functions"},"function":{"name":"api"},"message":"[runtime-status] [4668] Resolved module firebase-functions {\"declared\":true,\"installed\":true,\"version\":\"3.14.0\",\"resolution\":\"E:\\\\Projects\\\\Frontend\\\\react_projects\\\\amazon-clone-1\\\\functions\\\\node_modules\\\\firebase-functions\\\\lib\\\\index.js\"}"}}
[debug] [2021-05-14T05:25:45.805Z] [runtime-status] [4668] Resolved module firebase-admin {"declared":true,"installed":true,"version":"9.8.0","resolution":"E:\\Projects\\Frontend\\react_projects\\amazon-clone-1\\functions\\node_modules\\firebase-admin\\lib\\index.js"} {"metadata":{"emulator":{"name":"functions"},"function":{"name":"api"},"message":"[runtime-status] [4668] Resolved module firebase-admin {\"declared\":true,\"installed\":true,\"version\":\"9.8.0\",\"resolution\":\"E:\\\\Projects\\\\Frontend\\\\react_projects\\\\amazon-clone-1\\\\functions\\\\node_modules\\\\firebase-admin\\\\lib\\\\index.js\"}"}}
[debug] [2021-05-14T05:25:45.807Z] [runtime-status] [4668] Resolved module firebase-functions {"declared":true,"installed":true,"version":"3.14.0","resolution":"E:\\Projects\\Frontend\\react_projects\\amazon-clone-1\\functions\\node_modules\\firebase-functions\\lib\\index.js"} {"metadata":{"emulator":{"name":"functions"},"function":{"name":"api"},"message":"[runtime-status] [4668] Resolved module firebase-functions {\"declared\":true,\"installed\":true,\"version\":\"3.14.0\",\"resolution\":\"E:\\\\Projects\\\\Frontend\\\\react_projects\\\\amazon-clone-1\\\\functions\\\\node_modules\\\\firebase-functions\\\\lib\\\\index.js\"}"}}
[debug] [2021-05-14T05:25:45.808Z] [runtime-status] [4668] firebase-admin has been stubbed. {"adminResolution":{"declared":true,"installed":true,"version":"9.8.0","resolution":"E:\\Projects\\Frontend\\react_projects\\amazon-clone-1\\functions\\node_modules\\firebase-admin\\lib\\index.js"}} {"metadata":{"emulator":{"name":"functions"},"function":{"name":"api"},"message":"[runtime-status] [4668] firebase-admin has been stubbed. {\"adminResolution\":{\"declared\":true,\"installed\":true,\"version\":\"9.8.0\",\"resolution\":\"E:\\\\Projects\\\\Frontend\\\\react_projects\\\\amazon-clone-1\\\\functions\\\\node_modules\\\\firebase-admin\\\\lib\\\\index.js\"}}"}}
[debug] [2021-05-14T05:25:46.252Z] [runtime-status] [4668] Trigger "api" has been found, beginning invocation! {"metadata":{"emulator":{"name":"functions"},"function":{"name":"api"},"message":"[runtime-status] [4668] Trigger \"api\" has been found, beginning invocation!"}}
[info] i  functions: Beginning execution of "api" {"metadata":{"emulator":{"name":"functions"},"function":{"name":"api"},"message":"Beginning execution of \"api\""}}
[debug] [2021-05-14T05:25:46.255Z] [runtime-status] [4668] triggerDefinition {"httpsTrigger":{},"name":"api","entryPoint":"api"} {"metadata":{"emulator":{"name":"functions"},"function":{"name":"api"},"message":"[runtime-status] [4668] triggerDefinition {\"httpsTrigger\":{},\"name\":\"api\",\"entryPoint\":\"api\"}"}}
[debug] [2021-05-14T05:25:46.256Z] [runtime-status] [4668] Running api in mode HTTPS {"metadata":{"emulator":{"name":"functions"},"function":{"name":"api"},"message":"[runtime-status] [4668] Running api in mode HTTPS"}}
[debug] [2021-05-14T05:25:46.267Z] [runtime-status] [4668] Attempting to listen to socketPath: \\?\pipe\E:\Projects\Frontend\react_projects\amazon-clone-1\functions\4668 {"metadata":{"emulator":{"name":"functions"},"function":{"name":"api"},"message":"[runtime-status] [4668] Attempting to listen to socketPath: \\\\?\\pipe\\E:\\Projects\\Frontend\\react_projects\\amazon-clone-1\\functions\\4668"}}
[debug] [2021-05-14T05:25:46.276Z] [functions] Runtime ready! Sending request! {"metadata":{"emulator":{"name":"functions"},"message":"[functions] Runtime ready! Sending request!"}}
[debug] [2021-05-14T05:25:46.278Z] [functions] Got req.url=/challenge-c56d1/us-central1/api, mapping to path=/ {"metadata":{"emulator":{"name":"functions"},"message":"[functions] Got req.url=/challenge-c56d1/us-central1/api, mapping to path=/"}}
[debug] [2021-05-14T05:25:46.307Z] [runtime-status] [4668] Ephemeral server handling GET request {"metadata":{"emulator":{"name":"functions"},"function":{"name":"api"},"message":"[runtime-status] [4668] Ephemeral server handling GET request"}}
[debug] [2021-05-14T05:25:46.328Z] [runtime-status] [4668] Ephemeral server survived. {"metadata":{"emulator":{"name":"functions"},"function":{"name":"api"},"message":"[runtime-status] [4668] Ephemeral server survived."}}
[info] i  functions: Finished "api" in ~1s {"metadata":{"emulator":{"name":"functions"},"function":{"name":"api"},"message":"Finished \"api\" in ~1s"}}
[debug] [2021-05-14T05:25:46.343Z] [worker-api-96326609-3d15-4d5e-9b4e-730c3a3ac7b0]: IDLE {"metadata":{"emulator":{"name":"functions"},"message":"[worker-api-96326609-3d15-4d5e-9b4e-730c3a3ac7b0]: IDLE"}}
[debug] [2021-05-14T05:25:46.345Z] [work-queue] {"queueLength":0,"workRunningCount":0}
[debug] [2021-05-14T05:25:46.448Z] Functions emulator received unknown request at path /favicon.ico
[debug] [2021-05-14T05:26:07.179Z] File E:\Projects\Frontend\react_projects\amazon-clone-1\functions\index.js changed, reloading triggers {"metadata":{"emulator":{"name":"functions"},"message":"File E:\\Projects\\Frontend\\react_projects\\amazon-clone-1\\functions\\index.js changed, reloading triggers"}}
[debug] [2021-05-14T05:26:08.196Z] [worker-pool] Shutting down IDLE worker (~diagnostic~) {"metadata":{"emulator":{"name":"functions"},"message":"[worker-pool] Shutting down IDLE worker (~diagnostic~)"}}
[debug] [2021-05-14T05:26:08.198Z] [worker-~diagnostic~-6d3e9794-b06d-41f2-8f7f-6816bfb2228c]: FINISHING {"metadata":{"emulator":{"name":"functions"},"message":"[worker-~diagnostic~-6d3e9794-b06d-41f2-8f7f-6816bfb2228c]: FINISHING"}}
[debug] [2021-05-14T05:26:08.200Z] [worker-pool] Shutting down IDLE worker (api) {"metadata":{"emulator":{"name":"functions"},"message":"[worker-pool] Shutting down IDLE worker (api)"}}
[debug] [2021-05-14T05:26:08.201Z] [worker-api-96326609-3d15-4d5e-9b4e-730c3a3ac7b0]: FINISHING {"metadata":{"emulator":{"name":"functions"},"message":"[worker-api-96326609-3d15-4d5e-9b4e-730c3a3ac7b0]: FINISHING"}}
[debug] [2021-05-14T05:26:08.223Z] [worker-pool] addWorker(~diagnostic~) {"metadata":{"emulator":{"name":"functions"},"message":"[worker-pool] addWorker(~diagnostic~)"}}
[debug] [2021-05-14T05:26:08.224Z] [worker-pool] Adding worker with key ~diagnostic~, total=2 {"metadata":{"emulator":{"name":"functions"},"message":"[worker-pool] Adding worker with key ~diagnostic~, total=2"}}
[debug] [2021-05-14T05:26:08.224Z] [worker-pool] submitWork(triggerId=) {"metadata":{"emulator":{"name":"functions"},"message":"[worker-pool] submitWork(triggerId=)"}}
[debug] [2021-05-14T05:26:08.225Z] [worker-~diagnostic~-ea2103e3-a31b-4fd7-aa29-269e88e631bb]: Assigning socketPath: \\?\pipe\E:\Projects\Frontend\react_projects\amazon-clone-1\functions\304 {"metadata":{"emulator":{"name":"functions"},"message":"[worker-~diagnostic~-ea2103e3-a31b-4fd7-aa29-269e88e631bb]: Assigning socketPath: \\\\?\\pipe\\E:\\Projects\\Frontend\\react_projects\\amazon-clone-1\\functions\\304"}}
[debug] [2021-05-14T05:26:08.225Z] [worker-~diagnostic~-ea2103e3-a31b-4fd7-aa29-269e88e631bb]: BUSY {"metadata":{"emulator":{"name":"functions"},"message":"[worker-~diagnostic~-ea2103e3-a31b-4fd7-aa29-269e88e631bb]: BUSY"}}
[debug] [2021-05-14T05:26:08.231Z] [worker-~diagnostic~-6d3e9794-b06d-41f2-8f7f-6816bfb2228c]: exited {"metadata":{"emulator":{"name":"functions"},"message":"[worker-~diagnostic~-6d3e9794-b06d-41f2-8f7f-6816bfb2228c]: exited"}}
[debug] [2021-05-14T05:26:08.232Z] [worker-~diagnostic~-6d3e9794-b06d-41f2-8f7f-6816bfb2228c]: FINISHED {"metadata":{"emulator":{"name":"functions"},"message":"[worker-~diagnostic~-6d3e9794-b06d-41f2-8f7f-6816bfb2228c]: FINISHED"}}
[debug] [2021-05-14T05:26:08.233Z] [worker-api-96326609-3d15-4d5e-9b4e-730c3a3ac7b0]: exited {"metadata":{"emulator":{"name":"functions"},"message":"[worker-api-96326609-3d15-4d5e-9b4e-730c3a3ac7b0]: exited"}}
[debug] [2021-05-14T05:26:08.233Z] [worker-api-96326609-3d15-4d5e-9b4e-730c3a3ac7b0]: FINISHED {"metadata":{"emulator":{"name":"functions"},"message":"[worker-api-96326609-3d15-4d5e-9b4e-730c3a3ac7b0]: FINISHED"}}
[debug] [2021-05-14T05:26:09.296Z] [runtime-status] [304] Functions runtime initialized. {"cwd":"E:\\Projects\\Frontend\\react_projects\\amazon-clone-1\\functions","node_version":"14.15.1"} {"metadata":{"emulator":{"name":"functions"},"message":"[runtime-status] [304] Functions runtime initialized. {\"cwd\":\"E:\\\\Projects\\\\Frontend\\\\react_projects\\\\amazon-clone-1\\\\functions\",\"node_version\":\"14.15.1\"}"}}
[debug] [2021-05-14T05:26:09.299Z] [runtime-status] [304] Disabled runtime features: undefined {"metadata":{"emulator":{"name":"functions"},"message":"[runtime-status] [304] Disabled runtime features: undefined"}}
[debug] [2021-05-14T05:26:09.305Z] [runtime-status] [304] Resolved module firebase-admin {"declared":true,"installed":true,"version":"9.8.0","resolution":"E:\\Projects\\Frontend\\react_projects\\amazon-clone-1\\functions\\node_modules\\firebase-admin\\lib\\index.js"} {"metadata":{"emulator":{"name":"functions"},"message":"[runtime-status] [304] Resolved module firebase-admin {\"declared\":true,\"installed\":true,\"version\":\"9.8.0\",\"resolution\":\"E:\\\\Projects\\\\Frontend\\\\react_projects\\\\amazon-clone-1\\\\functions\\\\node_modules\\\\firebase-admin\\\\lib\\\\index.js\"}"}}
[debug] [2021-05-14T05:26:09.309Z] [runtime-status] [304] Resolved module firebase-functions {"declared":true,"installed":true,"version":"3.14.0","resolution":"E:\\Projects\\Frontend\\react_projects\\amazon-clone-1\\functions\\node_modules\\firebase-functions\\lib\\index.js"} {"metadata":{"emulator":{"name":"functions"},"message":"[runtime-status] [304] Resolved module firebase-functions {\"declared\":true,\"installed\":true,\"version\":\"3.14.0\",\"resolution\":\"E:\\\\Projects\\\\Frontend\\\\react_projects\\\\amazon-clone-1\\\\functions\\\\node_modules\\\\firebase-functions\\\\lib\\\\index.js\"}"}}
[debug] [2021-05-14T05:26:09.313Z] [runtime-status] [304] Resolved module firebase-functions {"declared":true,"installed":true,"version":"3.14.0","resolution":"E:\\Projects\\Frontend\\react_projects\\amazon-clone-1\\functions\\node_modules\\firebase-functions\\lib\\index.js"} {"metadata":{"emulator":{"name":"functions"},"message":"[runtime-status] [304] Resolved module firebase-functions {\"declared\":true,\"installed\":true,\"version\":\"3.14.0\",\"resolution\":\"E:\\\\Projects\\\\Frontend\\\\react_projects\\\\amazon-clone-1\\\\functions\\\\node_modules\\\\firebase-functions\\\\lib\\\\index.js\"}"}}
[debug] [2021-05-14T05:26:09.317Z] [runtime-status] [304] Outgoing network have been stubbed. [{"name":"http","status":"mocked"},{"name":"http","status":"mocked"},{"name":"https","status":"mocked"},{"name":"https","status":"mocked"},{"name":"net","status":"mocked"}] {"metadata":{"emulator":{"name":"functions"},"message":"[runtime-status] [304] Outgoing network have been stubbed. [{\"name\":\"http\",\"status\":\"mocked\"},{\"name\":\"http\",\"status\":\"mocked\"},{\"name\":\"https\",\"status\":\"mocked\"},{\"name\":\"https\",\"status\":\"mocked\"},{\"name\":\"net\",\"status\":\"mocked\"}]"}}
[debug] [2021-05-14T05:26:09.318Z] [runtime-status] [304] Resolved module firebase-functions {"declared":true,"installed":true,"version":"3.14.0","resolution":"E:\\Projects\\Frontend\\react_projects\\amazon-clone-1\\functions\\node_modules\\firebase-functions\\lib\\index.js"} {"metadata":{"emulator":{"name":"functions"},"message":"[runtime-status] [304] Resolved module firebase-functions {\"declared\":true,\"installed\":true,\"version\":\"3.14.0\",\"resolution\":\"E:\\\\Projects\\\\Frontend\\\\react_projects\\\\amazon-clone-1\\\\functions\\\\node_modules\\\\firebase-functions\\\\lib\\\\index.js\"}"}}
[debug] [2021-05-14T05:26:09.417Z] [runtime-status] [304] Checked functions.config() {"config":{}} {"metadata":{"emulator":{"name":"functions"},"message":"[runtime-status] [304] Checked functions.config() {\"config\":{}}"}}
[debug] [2021-05-14T05:26:09.418Z] [runtime-status] [304] firebase-functions has been stubbed. {"functionsResolution":{"declared":true,"installed":true,"version":"3.14.0","resolution":"E:\\Projects\\Frontend\\react_projects\\amazon-clone-1\\functions\\node_modules\\firebase-functions\\lib\\index.js"}} {"metadata":{"emulator":{"name":"functions"},"message":"[runtime-status] [304] firebase-functions has been stubbed. {\"functionsResolution\":{\"declared\":true,\"installed\":true,\"version\":\"3.14.0\",\"resolution\":\"E:\\\\Projects\\\\Frontend\\\\react_projects\\\\amazon-clone-1\\\\functions\\\\node_modules\\\\firebase-functions\\\\lib\\\\index.js\"}}"}}
[debug] [2021-05-14T05:26:09.419Z] [runtime-status] [304] Resolved module firebase-functions {"declared":true,"installed":true,"version":"3.14.0","resolution":"E:\\Projects\\Frontend\\react_projects\\amazon-clone-1\\functions\\node_modules\\firebase-functions\\lib\\index.js"} {"metadata":{"emulator":{"name":"functions"},"message":"[runtime-status] [304] Resolved module firebase-functions {\"declared\":true,\"installed\":true,\"version\":\"3.14.0\",\"resolution\":\"E:\\\\Projects\\\\Frontend\\\\react_projects\\\\amazon-clone-1\\\\functions\\\\node_modules\\\\firebase-functions\\\\lib\\\\index.js\"}"}}
[debug] [2021-05-14T05:26:09.422Z] [runtime-status] [304] Resolved module firebase-admin {"declared":true,"installed":true,"version":"9.8.0","resolution":"E:\\Projects\\Frontend\\react_projects\\amazon-clone-1\\functions\\node_modules\\firebase-admin\\lib\\index.js"} {"metadata":{"emulator":{"name":"functions"},"message":"[runtime-status] [304] Resolved module firebase-admin {\"declared\":true,\"installed\":true,\"version\":\"9.8.0\",\"resolution\":\"E:\\\\Projects\\\\Frontend\\\\react_projects\\\\amazon-clone-1\\\\functions\\\\node_modules\\\\firebase-admin\\\\lib\\\\index.js\"}"}}
[debug] [2021-05-14T05:26:09.424Z] [runtime-status] [304] Resolved module firebase-functions {"declared":true,"installed":true,"version":"3.14.0","resolution":"E:\\Projects\\Frontend\\react_projects\\amazon-clone-1\\functions\\node_modules\\firebase-functions\\lib\\index.js"} {"metadata":{"emulator":{"name":"functions"},"message":"[runtime-status] [304] Resolved module firebase-functions {\"declared\":true,\"installed\":true,\"version\":\"3.14.0\",\"resolution\":\"E:\\\\Projects\\\\Frontend\\\\react_projects\\\\amazon-clone-1\\\\functions\\\\node_modules\\\\firebase-functions\\\\lib\\\\index.js\"}"}}
[debug] [2021-05-14T05:26:09.424Z] [runtime-status] [304] firebase-admin has been stubbed. {"adminResolution":{"declared":true,"installed":true,"version":"9.8.0","resolution":"E:\\Projects\\Frontend\\react_projects\\amazon-clone-1\\functions\\node_modules\\firebase-admin\\lib\\index.js"}} {"metadata":{"emulator":{"name":"functions"},"message":"[runtime-status] [304] firebase-admin has been stubbed. {\"adminResolution\":{\"declared\":true,\"installed\":true,\"version\":\"9.8.0\",\"resolution\":\"E:\\\\Projects\\\\Frontend\\\\react_projects\\\\amazon-clone-1\\\\functions\\\\node_modules\\\\firebase-admin\\\\lib\\\\index.js\"}}"}}
[debug] [2021-05-14T05:26:09.831Z] [worker-~diagnostic~-ea2103e3-a31b-4fd7-aa29-269e88e631bb]: IDLE {"metadata":{"emulator":{"name":"functions"},"message":"[worker-~diagnostic~-ea2103e3-a31b-4fd7-aa29-269e88e631bb]: IDLE"}}
[debug] [2021-05-14T05:30:05.114Z] File E:\Projects\Frontend\react_projects\amazon-clone-1\functions\index.js changed, reloading triggers {"metadata":{"emulator":{"name":"functions"},"message":"File E:\\Projects\\Frontend\\react_projects\\amazon-clone-1\\functions\\index.js changed, reloading triggers"}}
[debug] [2021-05-14T05:30:06.125Z] [worker-pool] Shutting down IDLE worker (~diagnostic~) {"metadata":{"emulator":{"name":"functions"},"message":"[worker-pool] Shutting down IDLE worker (~diagnostic~)"}}
[debug] [2021-05-14T05:30:06.126Z] [worker-~diagnostic~-ea2103e3-a31b-4fd7-aa29-269e88e631bb]: FINISHING {"metadata":{"emulator":{"name":"functions"},"message":"[worker-~diagnostic~-ea2103e3-a31b-4fd7-aa29-269e88e631bb]: FINISHING"}}
[debug] [2021-05-14T05:30:06.127Z] [worker-pool] Cleaned up workers for ~diagnostic~: 2 --> 1 {"metadata":{"emulator":{"name":"functions"},"message":"[worker-pool] Cleaned up workers for ~diagnostic~: 2 --> 1"}}
[debug] [2021-05-14T05:30:06.127Z] [worker-pool] Cleaned up workers for api: 1 --> 0 {"metadata":{"emulator":{"name":"functions"},"message":"[worker-pool] Cleaned up workers for api: 1 --> 0"}}
[debug] [2021-05-14T05:30:06.144Z] [worker-pool] addWorker(~diagnostic~) {"metadata":{"emulator":{"name":"functions"},"message":"[worker-pool] addWorker(~diagnostic~)"}}
[debug] [2021-05-14T05:30:06.145Z] [worker-pool] Adding worker with key ~diagnostic~, total=2 {"metadata":{"emulator":{"name":"functions"},"message":"[worker-pool] Adding worker with key ~diagnostic~, total=2"}}
[debug] [2021-05-14T05:30:06.145Z] [worker-pool] submitWork(triggerId=) {"metadata":{"emulator":{"name":"functions"},"message":"[worker-pool] submitWork(triggerId=)"}}
[debug] [2021-05-14T05:30:06.146Z] [worker-~diagnostic~-3f2f1192-9798-4000-b374-78cbbf5088c6]: Assigning socketPath: \\?\pipe\E:\Projects\Frontend\react_projects\amazon-clone-1\functions\12084 {"metadata":{"emulator":{"name":"functions"},"message":"[worker-~diagnostic~-3f2f1192-9798-4000-b374-78cbbf5088c6]: Assigning socketPath: \\\\?\\pipe\\E:\\Projects\\Frontend\\react_projects\\amazon-clone-1\\functions\\12084"}}
[debug] [2021-05-14T05:30:06.146Z] [worker-~diagnostic~-3f2f1192-9798-4000-b374-78cbbf5088c6]: BUSY {"metadata":{"emulator":{"name":"functions"},"message":"[worker-~diagnostic~-3f2f1192-9798-4000-b374-78cbbf5088c6]: BUSY"}}
[debug] [2021-05-14T05:30:06.158Z] [worker-~diagnostic~-ea2103e3-a31b-4fd7-aa29-269e88e631bb]: exited {"metadata":{"emulator":{"name":"functions"},"message":"[worker-~diagnostic~-ea2103e3-a31b-4fd7-aa29-269e88e631bb]: exited"}}
[debug] [2021-05-14T05:30:06.158Z] [worker-~diagnostic~-ea2103e3-a31b-4fd7-aa29-269e88e631bb]: FINISHED {"metadata":{"emulator":{"name":"functions"},"message":"[worker-~diagnostic~-ea2103e3-a31b-4fd7-aa29-269e88e631bb]: FINISHED"}}
[debug] [2021-05-14T05:30:07.661Z] [runtime-status] [12084] Functions runtime initialized. {"cwd":"E:\\Projects\\Frontend\\react_projects\\amazon-clone-1\\functions","node_version":"14.15.1"} {"metadata":{"emulator":{"name":"functions"},"message":"[runtime-status] [12084] Functions runtime initialized. {\"cwd\":\"E:\\\\Projects\\\\Frontend\\\\react_projects\\\\amazon-clone-1\\\\functions\",\"node_version\":\"14.15.1\"}"}}
[debug] [2021-05-14T05:30:07.666Z] [runtime-status] [12084] Disabled runtime features: undefined {"metadata":{"emulator":{"name":"functions"},"message":"[runtime-status] [12084] Disabled runtime features: undefined"}}
[debug] [2021-05-14T05:30:07.677Z] [runtime-status] [12084] Resolved module firebase-admin {"declared":true,"installed":true,"version":"9.8.0","resolution":"E:\\Projects\\Frontend\\react_projects\\amazon-clone-1\\functions\\node_modules\\firebase-admin\\lib\\index.js"} {"metadata":{"emulator":{"name":"functions"},"message":"[runtime-status] [12084] Resolved module firebase-admin {\"declared\":true,\"installed\":true,\"version\":\"9.8.0\",\"resolution\":\"E:\\\\Projects\\\\Frontend\\\\react_projects\\\\amazon-clone-1\\\\functions\\\\node_modules\\\\firebase-admin\\\\lib\\\\index.js\"}"}}
[debug] [2021-05-14T05:30:07.681Z] [runtime-status] [12084] Resolved module firebase-functions {"declared":true,"installed":true,"version":"3.14.0","resolution":"E:\\Projects\\Frontend\\react_projects\\amazon-clone-1\\functions\\node_modules\\firebase-functions\\lib\\index.js"} {"metadata":{"emulator":{"name":"functions"},"message":"[runtime-status] [12084] Resolved module firebase-functions {\"declared\":true,\"installed\":true,\"version\":\"3.14.0\",\"resolution\":\"E:\\\\Projects\\\\Frontend\\\\react_projects\\\\amazon-clone-1\\\\functions\\\\node_modules\\\\firebase-functions\\\\lib\\\\index.js\"}"}}
[debug] [2021-05-14T05:30:07.686Z] [runtime-status] [12084] Resolved module firebase-functions {"declared":true,"installed":true,"version":"3.14.0","resolution":"E:\\Projects\\Frontend\\react_projects\\amazon-clone-1\\functions\\node_modules\\firebase-functions\\lib\\index.js"} {"metadata":{"emulator":{"name":"functions"},"message":"[runtime-status] [12084] Resolved module firebase-functions {\"declared\":true,\"installed\":true,\"version\":\"3.14.0\",\"resolution\":\"E:\\\\Projects\\\\Frontend\\\\react_projects\\\\amazon-clone-1\\\\functions\\\\node_modules\\\\firebase-functions\\\\lib\\\\index.js\"}"}}
[debug] [2021-05-14T05:30:07.689Z] [runtime-status] [12084] Outgoing network have been stubbed. [{"name":"http","status":"mocked"},{"name":"http","status":"mocked"},{"name":"https","status":"mocked"},{"name":"https","status":"mocked"},{"name":"net","status":"mocked"}] {"metadata":{"emulator":{"name":"functions"},"message":"[runtime-status] [12084] Outgoing network have been stubbed. [{\"name\":\"http\",\"status\":\"mocked\"},{\"name\":\"http\",\"status\":\"mocked\"},{\"name\":\"https\",\"status\":\"mocked\"},{\"name\":\"https\",\"status\":\"mocked\"},{\"name\":\"net\",\"status\":\"mocked\"}]"}}
[debug] [2021-05-14T05:30:07.691Z] [runtime-status] [12084] Resolved module firebase-functions {"declared":true,"installed":true,"version":"3.14.0","resolution":"E:\\Projects\\Frontend\\react_projects\\amazon-clone-1\\functions\\node_modules\\firebase-functions\\lib\\index.js"} {"metadata":{"emulator":{"name":"functions"},"message":"[runtime-status] [12084] Resolved module firebase-functions {\"declared\":true,\"installed\":true,\"version\":\"3.14.0\",\"resolution\":\"E:\\\\Projects\\\\Frontend\\\\react_projects\\\\amazon-clone-1\\\\functions\\\\node_modules\\\\firebase-functions\\\\lib\\\\index.js\"}"}}
[debug] [2021-05-14T05:30:07.798Z] [runtime-status] [12084] Checked functions.config() {"config":{}} {"metadata":{"emulator":{"name":"functions"},"message":"[runtime-status] [12084] Checked functions.config() {\"config\":{}}"}}
[debug] [2021-05-14T05:30:07.800Z] [runtime-status] [12084] firebase-functions has been stubbed. {"functionsResolution":{"declared":true,"installed":true,"version":"3.14.0","resolution":"E:\\Projects\\Frontend\\react_projects\\amazon-clone-1\\functions\\node_modules\\firebase-functions\\lib\\index.js"}} {"metadata":{"emulator":{"name":"functions"},"message":"[runtime-status] [12084] firebase-functions has been stubbed. {\"functionsResolution\":{\"declared\":true,\"installed\":true,\"version\":\"3.14.0\",\"resolution\":\"E:\\\\Projects\\\\Frontend\\\\react_projects\\\\amazon-clone-1\\\\functions\\\\node_modules\\\\firebase-functions\\\\lib\\\\index.js\"}}"}}
[debug] [2021-05-14T05:30:07.801Z] [runtime-status] [12084] Resolved module firebase-functions {"declared":true,"installed":true,"version":"3.14.0","resolution":"E:\\Projects\\Frontend\\react_projects\\amazon-clone-1\\functions\\node_modules\\firebase-functions\\lib\\index.js"} {"metadata":{"emulator":{"name":"functions"},"message":"[runtime-status] [12084] Resolved module firebase-functions {\"declared\":true,\"installed\":true,\"version\":\"3.14.0\",\"resolution\":\"E:\\\\Projects\\\\Frontend\\\\react_projects\\\\amazon-clone-1\\\\functions\\\\node_modules\\\\firebase-functions\\\\lib\\\\index.js\"}"}}
[debug] [2021-05-14T05:30:07.805Z] [runtime-status] [12084] Resolved module firebase-admin {"declared":true,"installed":true,"version":"9.8.0","resolution":"E:\\Projects\\Frontend\\react_projects\\amazon-clone-1\\functions\\node_modules\\firebase-admin\\lib\\index.js"} {"metadata":{"emulator":{"name":"functions"},"message":"[runtime-status] [12084] Resolved module firebase-admin {\"declared\":true,\"installed\":true,\"version\":\"9.8.0\",\"resolution\":\"E:\\\\Projects\\\\Frontend\\\\react_projects\\\\amazon-clone-1\\\\functions\\\\node_modules\\\\firebase-admin\\\\lib\\\\index.js\"}"}}
[debug] [2021-05-14T05:30:07.806Z] [runtime-status] [12084] Resolved module firebase-functions {"declared":true,"installed":true,"version":"3.14.0","resolution":"E:\\Projects\\Frontend\\react_projects\\amazon-clone-1\\functions\\node_modules\\firebase-functions\\lib\\index.js"} {"metadata":{"emulator":{"name":"functions"},"message":"[runtime-status] [12084] Resolved module firebase-functions {\"declared\":true,\"installed\":true,\"version\":\"3.14.0\",\"resolution\":\"E:\\\\Projects\\\\Frontend\\\\react_projects\\\\amazon-clone-1\\\\functions\\\\node_modules\\\\firebase-functions\\\\lib\\\\index.js\"}"}}
[debug] [2021-05-14T05:30:07.807Z] [runtime-status] [12084] firebase-admin has been stubbed. {"adminResolution":{"declared":true,"installed":true,"version":"9.8.0","resolution":"E:\\Projects\\Frontend\\react_projects\\amazon-clone-1\\functions\\node_modules\\firebase-admin\\lib\\index.js"}} {"metadata":{"emulator":{"name":"functions"},"message":"[runtime-status] [12084] firebase-admin has been stubbed. {\"adminResolution\":{\"declared\":true,\"installed\":true,\"version\":\"9.8.0\",\"resolution\":\"E:\\\\Projects\\\\Frontend\\\\react_projects\\\\amazon-clone-1\\\\functions\\\\node_modules\\\\firebase-admin\\\\lib\\\\index.js\"}}"}}
[debug] [2021-05-14T05:30:08.251Z] [worker-~diagnostic~-3f2f1192-9798-4000-b374-78cbbf5088c6]: IDLE {"metadata":{"emulator":{"name":"functions"},"message":"[worker-~diagnostic~-3f2f1192-9798-4000-b374-78cbbf5088c6]: IDLE"}}
[debug] [2021-05-14T05:31:22.044Z] File E:\Projects\Frontend\react_projects\amazon-clone-1\functions\index.js changed, reloading triggers {"metadata":{"emulator":{"name":"functions"},"message":"File E:\\Projects\\Frontend\\react_projects\\amazon-clone-1\\functions\\index.js changed, reloading triggers"}}
[debug] [2021-05-14T05:31:23.046Z] [worker-pool] Shutting down IDLE worker (~diagnostic~) {"metadata":{"emulator":{"name":"functions"},"message":"[worker-pool] Shutting down IDLE worker (~diagnostic~)"}}
[debug] [2021-05-14T05:31:23.047Z] [worker-~diagnostic~-3f2f1192-9798-4000-b374-78cbbf5088c6]: FINISHING {"metadata":{"emulator":{"name":"functions"},"message":"[worker-~diagnostic~-3f2f1192-9798-4000-b374-78cbbf5088c6]: FINISHING"}}
[debug] [2021-05-14T05:31:23.049Z] [worker-pool] Cleaned up workers for ~diagnostic~: 2 --> 1 {"metadata":{"emulator":{"name":"functions"},"message":"[worker-pool] Cleaned up workers for ~diagnostic~: 2 --> 1"}}
[debug] [2021-05-14T05:31:23.072Z] [worker-pool] addWorker(~diagnostic~) {"metadata":{"emulator":{"name":"functions"},"message":"[worker-pool] addWorker(~diagnostic~)"}}
[debug] [2021-05-14T05:31:23.073Z] [worker-pool] Adding worker with key ~diagnostic~, total=2 {"metadata":{"emulator":{"name":"functions"},"message":"[worker-pool] Adding worker with key ~diagnostic~, total=2"}}
[debug] [2021-05-14T05:31:23.073Z] [worker-pool] submitWork(triggerId=) {"metadata":{"emulator":{"name":"functions"},"message":"[worker-pool] submitWork(triggerId=)"}}
[debug] [2021-05-14T05:31:23.073Z] [worker-~diagnostic~-e24ba107-7a32-4e5a-b561-e3a27ea735bf]: Assigning socketPath: \\?\pipe\E:\Projects\Frontend\react_projects\amazon-clone-1\functions\16196 {"metadata":{"emulator":{"name":"functions"},"message":"[worker-~diagnostic~-e24ba107-7a32-4e5a-b561-e3a27ea735bf]: Assigning socketPath: \\\\?\\pipe\\E:\\Projects\\Frontend\\react_projects\\amazon-clone-1\\functions\\16196"}}
[debug] [2021-05-14T05:31:23.074Z] [worker-~diagnostic~-e24ba107-7a32-4e5a-b561-e3a27ea735bf]: BUSY {"metadata":{"emulator":{"name":"functions"},"message":"[worker-~diagnostic~-e24ba107-7a32-4e5a-b561-e3a27ea735bf]: BUSY"}}
[debug] [2021-05-14T05:31:23.076Z] [worker-~diagnostic~-3f2f1192-9798-4000-b374-78cbbf5088c6]: exited {"metadata":{"emulator":{"name":"functions"},"message":"[worker-~diagnostic~-3f2f1192-9798-4000-b374-78cbbf5088c6]: exited"}}
[debug] [2021-05-14T05:31:23.076Z] [worker-~diagnostic~-3f2f1192-9798-4000-b374-78cbbf5088c6]: FINISHED {"metadata":{"emulator":{"name":"functions"},"message":"[worker-~diagnostic~-3f2f1192-9798-4000-b374-78cbbf5088c6]: FINISHED"}}
[debug] [2021-05-14T05:31:24.042Z] [runtime-status] [16196] Functions runtime initialized. {"cwd":"E:\\Projects\\Frontend\\react_projects\\amazon-clone-1\\functions","node_version":"14.15.1"} {"metadata":{"emulator":{"name":"functions"},"message":"[runtime-status] [16196] Functions runtime initialized. {\"cwd\":\"E:\\\\Projects\\\\Frontend\\\\react_projects\\\\amazon-clone-1\\\\functions\",\"node_version\":\"14.15.1\"}"}}
[debug] [2021-05-14T05:31:24.057Z] [runtime-status] [16196] Disabled runtime features: undefined {"metadata":{"emulator":{"name":"functions"},"message":"[runtime-status] [16196] Disabled runtime features: undefined"}}
[debug] [2021-05-14T05:31:24.071Z] [runtime-status] [16196] Resolved module firebase-admin {"declared":true,"installed":true,"version":"9.8.0","resolution":"E:\\Projects\\Frontend\\react_projects\\amazon-clone-1\\functions\\node_modules\\firebase-admin\\lib\\index.js"} {"metadata":{"emulator":{"name":"functions"},"message":"[runtime-status] [16196] Resolved module firebase-admin {\"declared\":true,\"installed\":true,\"version\":\"9.8.0\",\"resolution\":\"E:\\\\Projects\\\\Frontend\\\\react_projects\\\\amazon-clone-1\\\\functions\\\\node_modules\\\\firebase-admin\\\\lib\\\\index.js\"}"}}
[debug] [2021-05-14T05:31:24.077Z] [runtime-status] [16196] Resolved module firebase-functions {"declared":true,"installed":true,"version":"3.14.0","resolution":"E:\\Projects\\Frontend\\react_projects\\amazon-clone-1\\functions\\node_modules\\firebase-functions\\lib\\index.js"} {"metadata":{"emulator":{"name":"functions"},"message":"[runtime-status] [16196] Resolved module firebase-functions {\"declared\":true,\"installed\":true,\"version\":\"3.14.0\",\"resolution\":\"E:\\\\Projects\\\\Frontend\\\\react_projects\\\\amazon-clone-1\\\\functions\\\\node_modules\\\\firebase-functions\\\\lib\\\\index.js\"}"}}
[debug] [2021-05-14T05:31:24.087Z] [runtime-status] [16196] Resolved module firebase-functions {"declared":true,"installed":true,"version":"3.14.0","resolution":"E:\\Projects\\Frontend\\react_projects\\amazon-clone-1\\functions\\node_modules\\firebase-functions\\lib\\index.js"} {"metadata":{"emulator":{"name":"functions"},"message":"[runtime-status] [16196] Resolved module firebase-functions {\"declared\":true,\"installed\":true,\"version\":\"3.14.0\",\"resolution\":\"E:\\\\Projects\\\\Frontend\\\\react_projects\\\\amazon-clone-1\\\\functions\\\\node_modules\\\\firebase-functions\\\\lib\\\\index.js\"}"}}
[debug] [2021-05-14T05:31:24.102Z] [runtime-status] [16196] Outgoing network have been stubbed. [{"name":"http","status":"mocked"},{"name":"http","status":"mocked"},{"name":"https","status":"mocked"},{"name":"https","status":"mocked"},{"name":"net","status":"mocked"}] {"metadata":{"emulator":{"name":"functions"},"message":"[runtime-status] [16196] Outgoing network have been stubbed. [{\"name\":\"http\",\"status\":\"mocked\"},{\"name\":\"http\",\"status\":\"mocked\"},{\"name\":\"https\",\"status\":\"mocked\"},{\"name\":\"https\",\"status\":\"mocked\"},{\"name\":\"net\",\"status\":\"mocked\"}]"}}
[debug] [2021-05-14T05:31:24.104Z] [runtime-status] [16196] Resolved module firebase-functions {"declared":true,"installed":true,"version":"3.14.0","resolution":"E:\\Projects\\Frontend\\react_projects\\amazon-clone-1\\functions\\node_modules\\firebase-functions\\lib\\index.js"} {"metadata":{"emulator":{"name":"functions"},"message":"[runtime-status] [16196] Resolved module firebase-functions {\"declared\":true,\"installed\":true,\"version\":\"3.14.0\",\"resolution\":\"E:\\\\Projects\\\\Frontend\\\\react_projects\\\\amazon-clone-1\\\\functions\\\\node_modules\\\\firebase-functions\\\\lib\\\\index.js\"}"}}
[debug] [2021-05-14T05:31:24.494Z] [runtime-status] [16196] Checked functions.config() {"config":{}} {"metadata":{"emulator":{"name":"functions"},"message":"[runtime-status] [16196] Checked functions.config() {\"config\":{}}"}}
[debug] [2021-05-14T05:31:24.495Z] [runtime-status] [16196] firebase-functions has been stubbed. {"functionsResolution":{"declared":true,"installed":true,"version":"3.14.0","resolution":"E:\\Projects\\Frontend\\react_projects\\amazon-clone-1\\functions\\node_modules\\firebase-functions\\lib\\index.js"}} {"metadata":{"emulator":{"name":"functions"},"message":"[runtime-status] [16196] firebase-functions has been stubbed. {\"functionsResolution\":{\"declared\":true,\"installed\":true,\"version\":\"3.14.0\",\"resolution\":\"E:\\\\Projects\\\\Frontend\\\\react_projects\\\\amazon-clone-1\\\\functions\\\\node_modules\\\\firebase-functions\\\\lib\\\\index.js\"}}"}}
[debug] [2021-05-14T05:31:24.499Z] [runtime-status] [16196] Resolved module firebase-functions {"declared":true,"installed":true,"version":"3.14.0","resolution":"E:\\Projects\\Frontend\\react_projects\\amazon-clone-1\\functions\\node_modules\\firebase-functions\\lib\\index.js"} {"metadata":{"emulator":{"name":"functions"},"message":"[runtime-status] [16196] Resolved module firebase-functions {\"declared\":true,\"installed\":true,\"version\":\"3.14.0\",\"resolution\":\"E:\\\\Projects\\\\Frontend\\\\react_projects\\\\amazon-clone-1\\\\functions\\\\node_modules\\\\firebase-functions\\\\lib\\\\index.js\"}"}}
[debug] [2021-05-14T05:31:24.510Z] [runtime-status] [16196] Resolved module firebase-admin {"declared":true,"installed":true,"version":"9.8.0","resolution":"E:\\Projects\\Frontend\\react_projects\\amazon-clone-1\\functions\\node_modules\\firebase-admin\\lib\\index.js"} {"metadata":{"emulator":{"name":"functions"},"message":"[runtime-status] [16196] Resolved module firebase-admin {\"declared\":true,\"installed\":true,\"version\":\"9.8.0\",\"resolution\":\"E:\\\\Projects\\\\Frontend\\\\react_projects\\\\amazon-clone-1\\\\functions\\\\node_modules\\\\firebase-admin\\\\lib\\\\index.js\"}"}}
[debug] [2021-05-14T05:31:24.512Z] [runtime-status] [16196] Resolved module firebase-functions {"declared":true,"installed":true,"version":"3.14.0","resolution":"E:\\Projects\\Frontend\\react_projects\\amazon-clone-1\\functions\\node_modules\\firebase-functions\\lib\\index.js"} {"metadata":{"emulator":{"name":"functions"},"message":"[runtime-status] [16196] Resolved module firebase-functions {\"declared\":true,\"installed\":true,\"version\":\"3.14.0\",\"resolution\":\"E:\\\\Projects\\\\Frontend\\\\react_projects\\\\amazon-clone-1\\\\functions\\\\node_modules\\\\firebase-functions\\\\lib\\\\index.js\"}"}}
[debug] [2021-05-14T05:31:24.513Z] [runtime-status] [16196] firebase-admin has been stubbed. {"adminResolution":{"declared":true,"installed":true,"version":"9.8.0","resolution":"E:\\Projects\\Frontend\\react_projects\\amazon-clone-1\\functions\\node_modules\\firebase-admin\\lib\\index.js"}} {"metadata":{"emulator":{"name":"functions"},"message":"[runtime-status] [16196] firebase-admin has been stubbed. {\"adminResolution\":{\"declared\":true,\"installed\":true,\"version\":\"9.8.0\",\"resolution\":\"E:\\\\Projects\\\\Frontend\\\\react_projects\\\\amazon-clone-1\\\\functions\\\\node_modules\\\\firebase-admin\\\\lib\\\\index.js\"}}"}}
[debug] [2021-05-14T05:31:25.280Z] [worker-~diagnostic~-e24ba107-7a32-4e5a-b561-e3a27ea735bf]: IDLE {"metadata":{"emulator":{"name":"functions"},"message":"[worker-~diagnostic~-e24ba107-7a32-4e5a-b561-e3a27ea735bf]: IDLE"}}
[debug] [2021-05-14T05:31:31.777Z] File E:\Projects\Frontend\react_projects\amazon-clone-1\functions\index.js changed, reloading triggers {"metadata":{"emulator":{"name":"functions"},"message":"File E:\\Projects\\Frontend\\react_projects\\amazon-clone-1\\functions\\index.js changed, reloading triggers"}}
[debug] [2021-05-14T05:31:32.781Z] [worker-pool] Shutting down IDLE worker (~diagnostic~) {"metadata":{"emulator":{"name":"functions"},"message":"[worker-pool] Shutting down IDLE worker (~diagnostic~)"}}
[debug] [2021-05-14T05:31:32.782Z] [worker-~diagnostic~-e24ba107-7a32-4e5a-b561-e3a27ea735bf]: FINISHING {"metadata":{"emulator":{"name":"functions"},"message":"[worker-~diagnostic~-e24ba107-7a32-4e5a-b561-e3a27ea735bf]: FINISHING"}}
[debug] [2021-05-14T05:31:32.783Z] [worker-pool] Cleaned up workers for ~diagnostic~: 2 --> 1 {"metadata":{"emulator":{"name":"functions"},"message":"[worker-pool] Cleaned up workers for ~diagnostic~: 2 --> 1"}}
[debug] [2021-05-14T05:31:32.827Z] [worker-pool] addWorker(~diagnostic~) {"metadata":{"emulator":{"name":"functions"},"message":"[worker-pool] addWorker(~diagnostic~)"}}
[debug] [2021-05-14T05:31:32.828Z] [worker-pool] Adding worker with key ~diagnostic~, total=2 {"metadata":{"emulator":{"name":"functions"},"message":"[worker-pool] Adding worker with key ~diagnostic~, total=2"}}
[debug] [2021-05-14T05:31:32.828Z] [worker-pool] submitWork(triggerId=) {"metadata":{"emulator":{"name":"functions"},"message":"[worker-pool] submitWork(triggerId=)"}}
[debug] [2021-05-14T05:31:32.829Z] [worker-~diagnostic~-417bd7b7-a2d8-4ff0-91bd-4ba3877537d6]: Assigning socketPath: \\?\pipe\E:\Projects\Frontend\react_projects\amazon-clone-1\functions\12156 {"metadata":{"emulator":{"name":"functions"},"message":"[worker-~diagnostic~-417bd7b7-a2d8-4ff0-91bd-4ba3877537d6]: Assigning socketPath: \\\\?\\pipe\\E:\\Projects\\Frontend\\react_projects\\amazon-clone-1\\functions\\12156"}}
[debug] [2021-05-14T05:31:32.829Z] [worker-~diagnostic~-417bd7b7-a2d8-4ff0-91bd-4ba3877537d6]: BUSY {"metadata":{"emulator":{"name":"functions"},"message":"[worker-~diagnostic~-417bd7b7-a2d8-4ff0-91bd-4ba3877537d6]: BUSY"}}
[debug] [2021-05-14T05:31:32.835Z] [worker-~diagnostic~-e24ba107-7a32-4e5a-b561-e3a27ea735bf]: exited {"metadata":{"emulator":{"name":"functions"},"message":"[worker-~diagnostic~-e24ba107-7a32-4e5a-b561-e3a27ea735bf]: exited"}}
[debug] [2021-05-14T05:31:32.835Z] [worker-~diagnostic~-e24ba107-7a32-4e5a-b561-e3a27ea735bf]: FINISHED {"metadata":{"emulator":{"name":"functions"},"message":"[worker-~diagnostic~-e24ba107-7a32-4e5a-b561-e3a27ea735bf]: FINISHED"}}
[debug] [2021-05-14T05:31:34.401Z] [runtime-status] [12156] Functions runtime initialized. {"cwd":"E:\\Projects\\Frontend\\react_projects\\amazon-clone-1\\functions","node_version":"14.15.1"} {"metadata":{"emulator":{"name":"functions"},"message":"[runtime-status] [12156] Functions runtime initialized. {\"cwd\":\"E:\\\\Projects\\\\Frontend\\\\react_projects\\\\amazon-clone-1\\\\functions\",\"node_version\":\"14.15.1\"}"}}
[debug] [2021-05-14T05:31:34.405Z] [runtime-status] [12156] Disabled runtime features: undefined {"metadata":{"emulator":{"name":"functions"},"message":"[runtime-status] [12156] Disabled runtime features: undefined"}}
[debug] [2021-05-14T05:31:34.417Z] [runtime-status] [12156] Resolved module firebase-admin {"declared":true,"installed":true,"version":"9.8.0","resolution":"E:\\Projects\\Frontend\\react_projects\\amazon-clone-1\\functions\\node_modules\\firebase-admin\\lib\\index.js"} {"metadata":{"emulator":{"name":"functions"},"message":"[runtime-status] [12156] Resolved module firebase-admin {\"declared\":true,\"installed\":true,\"version\":\"9.8.0\",\"resolution\":\"E:\\\\Projects\\\\Frontend\\\\react_projects\\\\amazon-clone-1\\\\functions\\\\node_modules\\\\firebase-admin\\\\lib\\\\index.js\"}"}}
[debug] [2021-05-14T05:31:34.421Z] [runtime-status] [12156] Resolved module firebase-functions {"declared":true,"installed":true,"version":"3.14.0","resolution":"E:\\Projects\\Frontend\\react_projects\\amazon-clone-1\\functions\\node_modules\\firebase-functions\\lib\\index.js"} {"metadata":{"emulator":{"name":"functions"},"message":"[runtime-status] [12156] Resolved module firebase-functions {\"declared\":true,\"installed\":true,\"version\":\"3.14.0\",\"resolution\":\"E:\\\\Projects\\\\Frontend\\\\react_projects\\\\amazon-clone-1\\\\functions\\\\node_modules\\\\firebase-functions\\\\lib\\\\index.js\"}"}}
[debug] [2021-05-14T05:31:34.426Z] [runtime-status] [12156] Resolved module firebase-functions {"declared":true,"installed":true,"version":"3.14.0","resolution":"E:\\Projects\\Frontend\\react_projects\\amazon-clone-1\\functions\\node_modules\\firebase-functions\\lib\\index.js"} {"metadata":{"emulator":{"name":"functions"},"message":"[runtime-status] [12156] Resolved module firebase-functions {\"declared\":true,\"installed\":true,\"version\":\"3.14.0\",\"resolution\":\"E:\\\\Projects\\\\Frontend\\\\react_projects\\\\amazon-clone-1\\\\functions\\\\node_modules\\\\firebase-functions\\\\lib\\\\index.js\"}"}}
[debug] [2021-05-14T05:31:34.429Z] [runtime-status] [12156] Outgoing network have been stubbed. [{"name":"http","status":"mocked"},{"name":"http","status":"mocked"},{"name":"https","status":"mocked"},{"name":"https","status":"mocked"},{"name":"net","status":"mocked"}] {"metadata":{"emulator":{"name":"functions"},"message":"[runtime-status] [12156] Outgoing network have been stubbed. [{\"name\":\"http\",\"status\":\"mocked\"},{\"name\":\"http\",\"status\":\"mocked\"},{\"name\":\"https\",\"status\":\"mocked\"},{\"name\":\"https\",\"status\":\"mocked\"},{\"name\":\"net\",\"status\":\"mocked\"}]"}}
[debug] [2021-05-14T05:31:34.431Z] [runtime-status] [12156] Resolved module firebase-functions {"declared":true,"installed":true,"version":"3.14.0","resolution":"E:\\Projects\\Frontend\\react_projects\\amazon-clone-1\\functions\\node_modules\\firebase-functions\\lib\\index.js"} {"metadata":{"emulator":{"name":"functions"},"message":"[runtime-status] [12156] Resolved module firebase-functions {\"declared\":true,\"installed\":true,\"version\":\"3.14.0\",\"resolution\":\"E:\\\\Projects\\\\Frontend\\\\react_projects\\\\amazon-clone-1\\\\functions\\\\node_modules\\\\firebase-functions\\\\lib\\\\index.js\"}"}}
[debug] [2021-05-14T05:31:34.545Z] [runtime-status] [12156] Checked functions.config() {"config":{}} {"metadata":{"emulator":{"name":"functions"},"message":"[runtime-status] [12156] Checked functions.config() {\"config\":{}}"}}
[debug] [2021-05-14T05:31:34.546Z] [runtime-status] [12156] firebase-functions has been stubbed. {"functionsResolution":{"declared":true,"installed":true,"version":"3.14.0","resolution":"E:\\Projects\\Frontend\\react_projects\\amazon-clone-1\\functions\\node_modules\\firebase-functions\\lib\\index.js"}} {"metadata":{"emulator":{"name":"functions"},"message":"[runtime-status] [12156] firebase-functions has been stubbed. {\"functionsResolution\":{\"declared\":true,\"installed\":true,\"version\":\"3.14.0\",\"resolution\":\"E:\\\\Projects\\\\Frontend\\\\react_projects\\\\amazon-clone-1\\\\functions\\\\node_modules\\\\firebase-functions\\\\lib\\\\index.js\"}}"}}
[debug] [2021-05-14T05:31:34.547Z] [runtime-status] [12156] Resolved module firebase-functions {"declared":true,"installed":true,"version":"3.14.0","resolution":"E:\\Projects\\Frontend\\react_projects\\amazon-clone-1\\functions\\node_modules\\firebase-functions\\lib\\index.js"} {"metadata":{"emulator":{"name":"functions"},"message":"[runtime-status] [12156] Resolved module firebase-functions {\"declared\":true,\"installed\":true,\"version\":\"3.14.0\",\"resolution\":\"E:\\\\Projects\\\\Frontend\\\\react_projects\\\\amazon-clone-1\\\\functions\\\\node_modules\\\\firebase-functions\\\\lib\\\\index.js\"}"}}
[debug] [2021-05-14T05:31:34.551Z] [runtime-status] [12156] Resolved module firebase-admin {"declared":true,"installed":true,"version":"9.8.0","resolution":"E:\\Projects\\Frontend\\react_projects\\amazon-clone-1\\functions\\node_modules\\firebase-admin\\lib\\index.js"} {"metadata":{"emulator":{"name":"functions"},"message":"[runtime-status] [12156] Resolved module firebase-admin {\"declared\":true,\"installed\":true,\"version\":\"9.8.0\",\"resolution\":\"E:\\\\Projects\\\\Frontend\\\\react_projects\\\\amazon-clone-1\\\\functions\\\\node_modules\\\\firebase-admin\\\\lib\\\\index.js\"}"}}
[debug] [2021-05-14T05:31:34.553Z] [runtime-status] [12156] Resolved module firebase-functions {"declared":true,"installed":true,"version":"3.14.0","resolution":"E:\\Projects\\Frontend\\react_projects\\amazon-clone-1\\functions\\node_modules\\firebase-functions\\lib\\index.js"} {"metadata":{"emulator":{"name":"functions"},"message":"[runtime-status] [12156] Resolved module firebase-functions {\"declared\":true,\"installed\":true,\"version\":\"3.14.0\",\"resolution\":\"E:\\\\Projects\\\\Frontend\\\\react_projects\\\\amazon-clone-1\\\\functions\\\\node_modules\\\\firebase-functions\\\\lib\\\\index.js\"}"}}
[debug] [2021-05-14T05:31:34.553Z] [runtime-status] [12156] firebase-admin has been stubbed. {"adminResolution":{"declared":true,"installed":true,"version":"9.8.0","resolution":"E:\\Projects\\Frontend\\react_projects\\amazon-clone-1\\functions\\node_modules\\firebase-admin\\lib\\index.js"}} {"metadata":{"emulator":{"name":"functions"},"message":"[runtime-status] [12156] firebase-admin has been stubbed. {\"adminResolution\":{\"declared\":true,\"installed\":true,\"version\":\"9.8.0\",\"resolution\":\"E:\\\\Projects\\\\Frontend\\\\react_projects\\\\amazon-clone-1\\\\functions\\\\node_modules\\\\firebase-admin\\\\lib\\\\index.js\"}}"}}
[debug] [2021-05-14T05:31:35.039Z] [worker-~diagnostic~-417bd7b7-a2d8-4ff0-91bd-4ba3877537d6]: IDLE {"metadata":{"emulator":{"name":"functions"},"message":"[worker-~diagnostic~-417bd7b7-a2d8-4ff0-91bd-4ba3877537d6]: IDLE"}}
[debug] [2021-05-14T05:33:18.441Z] File E:\Projects\Frontend\react_projects\amazon-clone-1\functions\index.js changed, reloading triggers {"metadata":{"emulator":{"name":"functions"},"message":"File E:\\Projects\\Frontend\\react_projects\\amazon-clone-1\\functions\\index.js changed, reloading triggers"}}
[debug] [2021-05-14T05:33:19.452Z] [worker-pool] Shutting down IDLE worker (~diagnostic~) {"metadata":{"emulator":{"name":"functions"},"message":"[worker-pool] Shutting down IDLE worker (~diagnostic~)"}}
[debug] [2021-05-14T05:33:19.453Z] [worker-~diagnostic~-417bd7b7-a2d8-4ff0-91bd-4ba3877537d6]: FINISHING {"metadata":{"emulator":{"name":"functions"},"message":"[worker-~diagnostic~-417bd7b7-a2d8-4ff0-91bd-4ba3877537d6]: FINISHING"}}
[debug] [2021-05-14T05:33:19.454Z] [worker-pool] Cleaned up workers for ~diagnostic~: 2 --> 1 {"metadata":{"emulator":{"name":"functions"},"message":"[worker-pool] Cleaned up workers for ~diagnostic~: 2 --> 1"}}
[debug] [2021-05-14T05:33:19.475Z] [worker-pool] addWorker(~diagnostic~) {"metadata":{"emulator":{"name":"functions"},"message":"[worker-pool] addWorker(~diagnostic~)"}}
[debug] [2021-05-14T05:33:19.476Z] [worker-pool] Adding worker with key ~diagnostic~, total=2 {"metadata":{"emulator":{"name":"functions"},"message":"[worker-pool] Adding worker with key ~diagnostic~, total=2"}}
[debug] [2021-05-14T05:33:19.476Z] [worker-pool] submitWork(triggerId=) {"metadata":{"emulator":{"name":"functions"},"message":"[worker-pool] submitWork(triggerId=)"}}
[debug] [2021-05-14T05:33:19.477Z] [worker-~diagnostic~-70c6d9a4-460a-4cc6-83de-a36414e049b6]: Assigning socketPath: \\?\pipe\E:\Projects\Frontend\react_projects\amazon-clone-1\functions\13232 {"metadata":{"emulator":{"name":"functions"},"message":"[worker-~diagnostic~-70c6d9a4-460a-4cc6-83de-a36414e049b6]: Assigning socketPath: \\\\?\\pipe\\E:\\Projects\\Frontend\\react_projects\\amazon-clone-1\\functions\\13232"}}
[debug] [2021-05-14T05:33:19.477Z] [worker-~diagnostic~-70c6d9a4-460a-4cc6-83de-a36414e049b6]: BUSY {"metadata":{"emulator":{"name":"functions"},"message":"[worker-~diagnostic~-70c6d9a4-460a-4cc6-83de-a36414e049b6]: BUSY"}}
[debug] [2021-05-14T05:33:19.485Z] [worker-~diagnostic~-417bd7b7-a2d8-4ff0-91bd-4ba3877537d6]: exited {"metadata":{"emulator":{"name":"functions"},"message":"[worker-~diagnostic~-417bd7b7-a2d8-4ff0-91bd-4ba3877537d6]: exited"}}
[debug] [2021-05-14T05:33:19.485Z] [worker-~diagnostic~-417bd7b7-a2d8-4ff0-91bd-4ba3877537d6]: FINISHED {"metadata":{"emulator":{"name":"functions"},"message":"[worker-~diagnostic~-417bd7b7-a2d8-4ff0-91bd-4ba3877537d6]: FINISHED"}}
[debug] [2021-05-14T05:33:21.373Z] [runtime-status] [13232] Functions runtime initialized. {"cwd":"E:\\Projects\\Frontend\\react_projects\\amazon-clone-1\\functions","node_version":"14.15.1"} {"metadata":{"emulator":{"name":"functions"},"message":"[runtime-status] [13232] Functions runtime initialized. {\"cwd\":\"E:\\\\Projects\\\\Frontend\\\\react_projects\\\\amazon-clone-1\\\\functions\",\"node_version\":\"14.15.1\"}"}}
[debug] [2021-05-14T05:33:21.377Z] [runtime-status] [13232] Disabled runtime features: undefined {"metadata":{"emulator":{"name":"functions"},"message":"[runtime-status] [13232] Disabled runtime features: undefined"}}
[debug] [2021-05-14T05:33:21.391Z] [runtime-status] [13232] Resolved module firebase-admin {"declared":true,"installed":true,"version":"9.8.0","resolution":"E:\\Projects\\Frontend\\react_projects\\amazon-clone-1\\functions\\node_modules\\firebase-admin\\lib\\index.js"} {"metadata":{"emulator":{"name":"functions"},"message":"[runtime-status] [13232] Resolved module firebase-admin {\"declared\":true,\"installed\":true,\"version\":\"9.8.0\",\"resolution\":\"E:\\\\Projects\\\\Frontend\\\\react_projects\\\\amazon-clone-1\\\\functions\\\\node_modules\\\\firebase-admin\\\\lib\\\\index.js\"}"}}
[debug] [2021-05-14T05:33:21.397Z] [runtime-status] [13232] Resolved module firebase-functions {"declared":true,"installed":true,"version":"3.14.0","resolution":"E:\\Projects\\Frontend\\react_projects\\amazon-clone-1\\functions\\node_modules\\firebase-functions\\lib\\index.js"} {"metadata":{"emulator":{"name":"functions"},"message":"[runtime-status] [13232] Resolved module firebase-functions {\"declared\":true,\"installed\":true,\"version\":\"3.14.0\",\"resolution\":\"E:\\\\Projects\\\\Frontend\\\\react_projects\\\\amazon-clone-1\\\\functions\\\\node_modules\\\\firebase-functions\\\\lib\\\\index.js\"}"}}
[debug] [2021-05-14T05:33:21.402Z] [runtime-status] [13232] Resolved module firebase-functions {"declared":true,"installed":true,"version":"3.14.0","resolution":"E:\\Projects\\Frontend\\react_projects\\amazon-clone-1\\functions\\node_modules\\firebase-functions\\lib\\index.js"} {"metadata":{"emulator":{"name":"functions"},"message":"[runtime-status] [13232] Resolved module firebase-functions {\"declared\":true,\"installed\":true,\"version\":\"3.14.0\",\"resolution\":\"E:\\\\Projects\\\\Frontend\\\\react_projects\\\\amazon-clone-1\\\\functions\\\\node_modules\\\\firebase-functions\\\\lib\\\\index.js\"}"}}
[debug] [2021-05-14T05:33:21.406Z] [runtime-status] [13232] Outgoing network have been stubbed. [{"name":"http","status":"mocked"},{"name":"http","status":"mocked"},{"name":"https","status":"mocked"},{"name":"https","status":"mocked"},{"name":"net","status":"mocked"}] {"metadata":{"emulator":{"name":"functions"},"message":"[runtime-status] [13232] Outgoing network have been stubbed. [{\"name\":\"http\",\"status\":\"mocked\"},{\"name\":\"http\",\"status\":\"mocked\"},{\"name\":\"https\",\"status\":\"mocked\"},{\"name\":\"https\",\"status\":\"mocked\"},{\"name\":\"net\",\"status\":\"mocked\"}]"}}
[debug] [2021-05-14T05:33:21.407Z] [runtime-status] [13232] Resolved module firebase-functions {"declared":true,"installed":true,"version":"3.14.0","resolution":"E:\\Projects\\Frontend\\react_projects\\amazon-clone-1\\functions\\node_modules\\firebase-functions\\lib\\index.js"} {"metadata":{"emulator":{"name":"functions"},"message":"[runtime-status] [13232] Resolved module firebase-functions {\"declared\":true,\"installed\":true,\"version\":\"3.14.0\",\"resolution\":\"E:\\\\Projects\\\\Frontend\\\\react_projects\\\\amazon-clone-1\\\\functions\\\\node_modules\\\\firebase-functions\\\\lib\\\\index.js\"}"}}
[debug] [2021-05-14T05:33:21.529Z] [runtime-status] [13232] Checked functions.config() {"config":{}} {"metadata":{"emulator":{"name":"functions"},"message":"[runtime-status] [13232] Checked functions.config() {\"config\":{}}"}}
[debug] [2021-05-14T05:33:21.529Z] [runtime-status] [13232] firebase-functions has been stubbed. {"functionsResolution":{"declared":true,"installed":true,"version":"3.14.0","resolution":"E:\\Projects\\Frontend\\react_projects\\amazon-clone-1\\functions\\node_modules\\firebase-functions\\lib\\index.js"}} {"metadata":{"emulator":{"name":"functions"},"message":"[runtime-status] [13232] firebase-functions has been stubbed. {\"functionsResolution\":{\"declared\":true,\"installed\":true,\"version\":\"3.14.0\",\"resolution\":\"E:\\\\Projects\\\\Frontend\\\\react_projects\\\\amazon-clone-1\\\\functions\\\\node_modules\\\\firebase-functions\\\\lib\\\\index.js\"}}"}}
[debug] [2021-05-14T05:33:21.531Z] [runtime-status] [13232] Resolved module firebase-functions {"declared":true,"installed":true,"version":"3.14.0","resolution":"E:\\Projects\\Frontend\\react_projects\\amazon-clone-1\\functions\\node_modules\\firebase-functions\\lib\\index.js"} {"metadata":{"emulator":{"name":"functions"},"message":"[runtime-status] [13232] Resolved module firebase-functions {\"declared\":true,\"installed\":true,\"version\":\"3.14.0\",\"resolution\":\"E:\\\\Projects\\\\Frontend\\\\react_projects\\\\amazon-clone-1\\\\functions\\\\node_modules\\\\firebase-functions\\\\lib\\\\index.js\"}"}}
[debug] [2021-05-14T05:33:21.534Z] [runtime-status] [13232] Resolved module firebase-admin {"declared":true,"installed":true,"version":"9.8.0","resolution":"E:\\Projects\\Frontend\\react_projects\\amazon-clone-1\\functions\\node_modules\\firebase-admin\\lib\\index.js"} {"metadata":{"emulator":{"name":"functions"},"message":"[runtime-status] [13232] Resolved module firebase-admin {\"declared\":true,\"installed\":true,\"version\":\"9.8.0\",\"resolution\":\"E:\\\\Projects\\\\Frontend\\\\react_projects\\\\amazon-clone-1\\\\functions\\\\node_modules\\\\firebase-admin\\\\lib\\\\index.js\"}"}}
[debug] [2021-05-14T05:33:21.535Z] [runtime-status] [13232] Resolved module firebase-functions {"declared":true,"installed":true,"version":"3.14.0","resolution":"E:\\Projects\\Frontend\\react_projects\\amazon-clone-1\\functions\\node_modules\\firebase-functions\\lib\\index.js"} {"metadata":{"emulator":{"name":"functions"},"message":"[runtime-status] [13232] Resolved module firebase-functions {\"declared\":true,\"installed\":true,\"version\":\"3.14.0\",\"resolution\":\"E:\\\\Projects\\\\Frontend\\\\react_projects\\\\amazon-clone-1\\\\functions\\\\node_modules\\\\firebase-functions\\\\lib\\\\index.js\"}"}}
[debug] [2021-05-14T05:33:21.535Z] [runtime-status] [13232] firebase-admin has been stubbed. {"adminResolution":{"declared":true,"installed":true,"version":"9.8.0","resolution":"E:\\Projects\\Frontend\\react_projects\\amazon-clone-1\\functions\\node_modules\\firebase-admin\\lib\\index.js"}} {"metadata":{"emulator":{"name":"functions"},"message":"[runtime-status] [13232] firebase-admin has been stubbed. {\"adminResolution\":{\"declared\":true,\"installed\":true,\"version\":\"9.8.0\",\"resolution\":\"E:\\\\Projects\\\\Frontend\\\\react_projects\\\\amazon-clone-1\\\\functions\\\\node_modules\\\\firebase-admin\\\\lib\\\\index.js\"}}"}}
[debug] [2021-05-14T05:33:21.973Z] [worker-~diagnostic~-70c6d9a4-460a-4cc6-83de-a36414e049b6]: IDLE {"metadata":{"emulator":{"name":"functions"},"message":"[worker-~diagnostic~-70c6d9a4-460a-4cc6-83de-a36414e049b6]: IDLE"}}
[debug] [2021-05-14T05:33:23.729Z] File E:\Projects\Frontend\react_projects\amazon-clone-1\functions\index.js changed, reloading triggers {"metadata":{"emulator":{"name":"functions"},"message":"File E:\\Projects\\Frontend\\react_projects\\amazon-clone-1\\functions\\index.js changed, reloading triggers"}}
[debug] [2021-05-14T05:33:24.729Z] [worker-pool] Shutting down IDLE worker (~diagnostic~) {"metadata":{"emulator":{"name":"functions"},"message":"[worker-pool] Shutting down IDLE worker (~diagnostic~)"}}
[debug] [2021-05-14T05:33:24.739Z] [worker-~diagnostic~-70c6d9a4-460a-4cc6-83de-a36414e049b6]: FINISHING {"metadata":{"emulator":{"name":"functions"},"message":"[worker-~diagnostic~-70c6d9a4-460a-4cc6-83de-a36414e049b6]: FINISHING"}}
[debug] [2021-05-14T05:33:24.740Z] [worker-pool] Cleaned up workers for ~diagnostic~: 2 --> 1 {"metadata":{"emulator":{"name":"functions"},"message":"[worker-pool] Cleaned up workers for ~diagnostic~: 2 --> 1"}}
[debug] [2021-05-14T05:33:24.756Z] [worker-pool] addWorker(~diagnostic~) {"metadata":{"emulator":{"name":"functions"},"message":"[worker-pool] addWorker(~diagnostic~)"}}
[debug] [2021-05-14T05:33:24.757Z] [worker-pool] Adding worker with key ~diagnostic~, total=2 {"metadata":{"emulator":{"name":"functions"},"message":"[worker-pool] Adding worker with key ~diagnostic~, total=2"}}
[debug] [2021-05-14T05:33:24.757Z] [worker-pool] submitWork(triggerId=) {"metadata":{"emulator":{"name":"functions"},"message":"[worker-pool] submitWork(triggerId=)"}}
[debug] [2021-05-14T05:33:24.757Z] [worker-~diagnostic~-49f1d91f-3172-4e02-8823-7c874b69cf4c]: Assigning socketPath: \\?\pipe\E:\Projects\Frontend\react_projects\amazon-clone-1\functions\12640 {"metadata":{"emulator":{"name":"functions"},"message":"[worker-~diagnostic~-49f1d91f-3172-4e02-8823-7c874b69cf4c]: Assigning socketPath: \\\\?\\pipe\\E:\\Projects\\Frontend\\react_projects\\amazon-clone-1\\functions\\12640"}}
[debug] [2021-05-14T05:33:24.758Z] [worker-~diagnostic~-49f1d91f-3172-4e02-8823-7c874b69cf4c]: BUSY {"metadata":{"emulator":{"name":"functions"},"message":"[worker-~diagnostic~-49f1d91f-3172-4e02-8823-7c874b69cf4c]: BUSY"}}
[debug] [2021-05-14T05:33:24.947Z] [worker-~diagnostic~-70c6d9a4-460a-4cc6-83de-a36414e049b6]: exited {"metadata":{"emulator":{"name":"functions"},"message":"[worker-~diagnostic~-70c6d9a4-460a-4cc6-83de-a36414e049b6]: exited"}}
[debug] [2021-05-14T05:33:24.949Z] [worker-~diagnostic~-70c6d9a4-460a-4cc6-83de-a36414e049b6]: FINISHED {"metadata":{"emulator":{"name":"functions"},"message":"[worker-~diagnostic~-70c6d9a4-460a-4cc6-83de-a36414e049b6]: FINISHED"}}
[debug] [2021-05-14T05:33:25.670Z] [runtime-status] [12640] Functions runtime initialized. {"cwd":"E:\\Projects\\Frontend\\react_projects\\amazon-clone-1\\functions","node_version":"14.15.1"} {"metadata":{"emulator":{"name":"functions"},"message":"[runtime-status] [12640] Functions runtime initialized. {\"cwd\":\"E:\\\\Projects\\\\Frontend\\\\react_projects\\\\amazon-clone-1\\\\functions\",\"node_version\":\"14.15.1\"}"}}
[debug] [2021-05-14T05:33:25.673Z] [runtime-status] [12640] Disabled runtime features: undefined {"metadata":{"emulator":{"name":"functions"},"message":"[runtime-status] [12640] Disabled runtime features: undefined"}}
[debug] [2021-05-14T05:33:25.679Z] [runtime-status] [12640] Resolved module firebase-admin {"declared":true,"installed":true,"version":"9.8.0","resolution":"E:\\Projects\\Frontend\\react_projects\\amazon-clone-1\\functions\\node_modules\\firebase-admin\\lib\\index.js"} {"metadata":{"emulator":{"name":"functions"},"message":"[runtime-status] [12640] Resolved module firebase-admin {\"declared\":true,\"installed\":true,\"version\":\"9.8.0\",\"resolution\":\"E:\\\\Projects\\\\Frontend\\\\react_projects\\\\amazon-clone-1\\\\functions\\\\node_modules\\\\firebase-admin\\\\lib\\\\index.js\"}"}}
[debug] [2021-05-14T05:33:25.684Z] [runtime-status] [12640] Resolved module firebase-functions {"declared":true,"installed":true,"version":"3.14.0","resolution":"E:\\Projects\\Frontend\\react_projects\\amazon-clone-1\\functions\\node_modules\\firebase-functions\\lib\\index.js"} {"metadata":{"emulator":{"name":"functions"},"message":"[runtime-status] [12640] Resolved module firebase-functions {\"declared\":true,\"installed\":true,\"version\":\"3.14.0\",\"resolution\":\"E:\\\\Projects\\\\Frontend\\\\react_projects\\\\amazon-clone-1\\\\functions\\\\node_modules\\\\firebase-functions\\\\lib\\\\index.js\"}"}}
[debug] [2021-05-14T05:33:25.687Z] [runtime-status] [12640] Resolved module firebase-functions {"declared":true,"installed":true,"version":"3.14.0","resolution":"E:\\Projects\\Frontend\\react_projects\\amazon-clone-1\\functions\\node_modules\\firebase-functions\\lib\\index.js"} {"metadata":{"emulator":{"name":"functions"},"message":"[runtime-status] [12640] Resolved module firebase-functions {\"declared\":true,\"installed\":true,\"version\":\"3.14.0\",\"resolution\":\"E:\\\\Projects\\\\Frontend\\\\react_projects\\\\amazon-clone-1\\\\functions\\\\node_modules\\\\firebase-functions\\\\lib\\\\index.js\"}"}}
[debug] [2021-05-14T05:33:25.690Z] [runtime-status] [12640] Outgoing network have been stubbed. [{"name":"http","status":"mocked"},{"name":"http","status":"mocked"},{"name":"https","status":"mocked"},{"name":"https","status":"mocked"},{"name":"net","status":"mocked"}] {"metadata":{"emulator":{"name":"functions"},"message":"[runtime-status] [12640] Outgoing network have been stubbed. [{\"name\":\"http\",\"status\":\"mocked\"},{\"name\":\"http\",\"status\":\"mocked\"},{\"name\":\"https\",\"status\":\"mocked\"},{\"name\":\"https\",\"status\":\"mocked\"},{\"name\":\"net\",\"status\":\"mocked\"}]"}}
[debug] [2021-05-14T05:33:25.692Z] [runtime-status] [12640] Resolved module firebase-functions {"declared":true,"installed":true,"version":"3.14.0","resolution":"E:\\Projects\\Frontend\\react_projects\\amazon-clone-1\\functions\\node_modules\\firebase-functions\\lib\\index.js"} {"metadata":{"emulator":{"name":"functions"},"message":"[runtime-status] [12640] Resolved module firebase-functions {\"declared\":true,\"installed\":true,\"version\":\"3.14.0\",\"resolution\":\"E:\\\\Projects\\\\Frontend\\\\react_projects\\\\amazon-clone-1\\\\functions\\\\node_modules\\\\firebase-functions\\\\lib\\\\index.js\"}"}}
[debug] [2021-05-14T05:33:25.798Z] [runtime-status] [12640] Checked functions.config() {"config":{}} {"metadata":{"emulator":{"name":"functions"},"message":"[runtime-status] [12640] Checked functions.config() {\"config\":{}}"}}
[debug] [2021-05-14T05:33:25.799Z] [runtime-status] [12640] firebase-functions has been stubbed. {"functionsResolution":{"declared":true,"installed":true,"version":"3.14.0","resolution":"E:\\Projects\\Frontend\\react_projects\\amazon-clone-1\\functions\\node_modules\\firebase-functions\\lib\\index.js"}} {"metadata":{"emulator":{"name":"functions"},"message":"[runtime-status] [12640] firebase-functions has been stubbed. {\"functionsResolution\":{\"declared\":true,\"installed\":true,\"version\":\"3.14.0\",\"resolution\":\"E:\\\\Projects\\\\Frontend\\\\react_projects\\\\amazon-clone-1\\\\functions\\\\node_modules\\\\firebase-functions\\\\lib\\\\index.js\"}}"}}
[debug] [2021-05-14T05:33:25.800Z] [runtime-status] [12640] Resolved module firebase-functions {"declared":true,"installed":true,"version":"3.14.0","resolution":"E:\\Projects\\Frontend\\react_projects\\amazon-clone-1\\functions\\node_modules\\firebase-functions\\lib\\index.js"} {"metadata":{"emulator":{"name":"functions"},"message":"[runtime-status] [12640] Resolved module firebase-functions {\"declared\":true,\"installed\":true,\"version\":\"3.14.0\",\"resolution\":\"E:\\\\Projects\\\\Frontend\\\\react_projects\\\\amazon-clone-1\\\\functions\\\\node_modules\\\\firebase-functions\\\\lib\\\\index.js\"}"}}
[debug] [2021-05-14T05:33:25.803Z] [runtime-status] [12640] Resolved module firebase-admin {"declared":true,"installed":true,"version":"9.8.0","resolution":"E:\\Projects\\Frontend\\react_projects\\amazon-clone-1\\functions\\node_modules\\firebase-admin\\lib\\index.js"} {"metadata":{"emulator":{"name":"functions"},"message":"[runtime-status] [12640] Resolved module firebase-admin {\"declared\":true,\"installed\":true,\"version\":\"9.8.0\",\"resolution\":\"E:\\\\Projects\\\\Frontend\\\\react_projects\\\\amazon-clone-1\\\\functions\\\\node_modules\\\\firebase-admin\\\\lib\\\\index.js\"}"}}
[debug] [2021-05-14T05:33:25.804Z] [runtime-status] [12640] Resolved module firebase-functions {"declared":true,"installed":true,"version":"3.14.0","resolution":"E:\\Projects\\Frontend\\react_projects\\amazon-clone-1\\functions\\node_modules\\firebase-functions\\lib\\index.js"} {"metadata":{"emulator":{"name":"functions"},"message":"[runtime-status] [12640] Resolved module firebase-functions {\"declared\":true,\"installed\":true,\"version\":\"3.14.0\",\"resolution\":\"E:\\\\Projects\\\\Frontend\\\\react_projects\\\\amazon-clone-1\\\\functions\\\\node_modules\\\\firebase-functions\\\\lib\\\\index.js\"}"}}
[debug] [2021-05-14T05:33:25.804Z] [runtime-status] [12640] firebase-admin has been stubbed. {"adminResolution":{"declared":true,"installed":true,"version":"9.8.0","resolution":"E:\\Projects\\Frontend\\react_projects\\amazon-clone-1\\functions\\node_modules\\firebase-admin\\lib\\index.js"}} {"metadata":{"emulator":{"name":"functions"},"message":"[runtime-status] [12640] firebase-admin has been stubbed. {\"adminResolution\":{\"declared\":true,\"installed\":true,\"version\":\"9.8.0\",\"resolution\":\"E:\\\\Projects\\\\Frontend\\\\react_projects\\\\amazon-clone-1\\\\functions\\\\node_modules\\\\firebase-admin\\\\lib\\\\index.js\"}}"}}
[debug] [2021-05-14T05:33:26.655Z] [worker-~diagnostic~-49f1d91f-3172-4e02-8823-7c874b69cf4c]: IDLE {"metadata":{"emulator":{"name":"functions"},"message":"[worker-~diagnostic~-49f1d91f-3172-4e02-8823-7c874b69cf4c]: IDLE"}}
[debug] [2021-05-14T05:33:38.713Z] File E:\Projects\Frontend\react_projects\amazon-clone-1\functions\index.js changed, reloading triggers {"metadata":{"emulator":{"name":"functions"},"message":"File E:\\Projects\\Frontend\\react_projects\\amazon-clone-1\\functions\\index.js changed, reloading triggers"}}
[debug] [2021-05-14T05:33:39.767Z] [worker-pool] Shutting down IDLE worker (~diagnostic~) {"metadata":{"emulator":{"name":"functions"},"message":"[worker-pool] Shutting down IDLE worker (~diagnostic~)"}}
[debug] [2021-05-14T05:33:39.772Z] [worker-~diagnostic~-49f1d91f-3172-4e02-8823-7c874b69cf4c]: FINISHING {"metadata":{"emulator":{"name":"functions"},"message":"[worker-~diagnostic~-49f1d91f-3172-4e02-8823-7c874b69cf4c]: FINISHING"}}
[debug] [2021-05-14T05:33:39.774Z] [worker-pool] Cleaned up workers for ~diagnostic~: 2 --> 1 {"metadata":{"emulator":{"name":"functions"},"message":"[worker-pool] Cleaned up workers for ~diagnostic~: 2 --> 1"}}
[debug] [2021-05-14T05:33:39.801Z] [worker-pool] addWorker(~diagnostic~) {"metadata":{"emulator":{"name":"functions"},"message":"[worker-pool] addWorker(~diagnostic~)"}}
[debug] [2021-05-14T05:33:39.801Z] [worker-pool] Adding worker with key ~diagnostic~, total=2 {"metadata":{"emulator":{"name":"functions"},"message":"[worker-pool] Adding worker with key ~diagnostic~, total=2"}}
[debug] [2021-05-14T05:33:39.802Z] [worker-pool] submitWork(triggerId=) {"metadata":{"emulator":{"name":"functions"},"message":"[worker-pool] submitWork(triggerId=)"}}
[debug] [2021-05-14T05:33:39.802Z] [worker-~diagnostic~-1b13f065-fa92-49a8-9e14-d524fb48d326]: Assigning socketPath: \\?\pipe\E:\Projects\Frontend\react_projects\amazon-clone-1\functions\11068 {"metadata":{"emulator":{"name":"functions"},"message":"[worker-~diagnostic~-1b13f065-fa92-49a8-9e14-d524fb48d326]: Assigning socketPath: \\\\?\\pipe\\E:\\Projects\\Frontend\\react_projects\\amazon-clone-1\\functions\\11068"}}
[debug] [2021-05-14T05:33:39.803Z] [worker-~diagnostic~-1b13f065-fa92-49a8-9e14-d524fb48d326]: BUSY {"metadata":{"emulator":{"name":"functions"},"message":"[worker-~diagnostic~-1b13f065-fa92-49a8-9e14-d524fb48d326]: BUSY"}}
[debug] [2021-05-14T05:33:39.990Z] [worker-~diagnostic~-49f1d91f-3172-4e02-8823-7c874b69cf4c]: exited {"metadata":{"emulator":{"name":"functions"},"message":"[worker-~diagnostic~-49f1d91f-3172-4e02-8823-7c874b69cf4c]: exited"}}
[debug] [2021-05-14T05:33:39.991Z] [worker-~diagnostic~-49f1d91f-3172-4e02-8823-7c874b69cf4c]: FINISHED {"metadata":{"emulator":{"name":"functions"},"message":"[worker-~diagnostic~-49f1d91f-3172-4e02-8823-7c874b69cf4c]: FINISHED"}}
[debug] [2021-05-14T05:33:40.995Z] [runtime-status] [11068] Functions runtime initialized. {"cwd":"E:\\Projects\\Frontend\\react_projects\\amazon-clone-1\\functions","node_version":"14.15.1"} {"metadata":{"emulator":{"name":"functions"},"message":"[runtime-status] [11068] Functions runtime initialized. {\"cwd\":\"E:\\\\Projects\\\\Frontend\\\\react_projects\\\\amazon-clone-1\\\\functions\",\"node_version\":\"14.15.1\"}"}}
[debug] [2021-05-14T05:33:40.998Z] [runtime-status] [11068] Disabled runtime features: undefined {"metadata":{"emulator":{"name":"functions"},"message":"[runtime-status] [11068] Disabled runtime features: undefined"}}
[debug] [2021-05-14T05:33:41.007Z] [runtime-status] [11068] Resolved module firebase-admin {"declared":true,"installed":true,"version":"9.8.0","resolution":"E:\\Projects\\Frontend\\react_projects\\amazon-clone-1\\functions\\node_modules\\firebase-admin\\lib\\index.js"} {"metadata":{"emulator":{"name":"functions"},"message":"[runtime-status] [11068] Resolved module firebase-admin {\"declared\":true,\"installed\":true,\"version\":\"9.8.0\",\"resolution\":\"E:\\\\Projects\\\\Frontend\\\\react_projects\\\\amazon-clone-1\\\\functions\\\\node_modules\\\\firebase-admin\\\\lib\\\\index.js\"}"}}
[debug] [2021-05-14T05:33:41.013Z] [runtime-status] [11068] Resolved module firebase-functions {"declared":true,"installed":true,"version":"3.14.0","resolution":"E:\\Projects\\Frontend\\react_projects\\amazon-clone-1\\functions\\node_modules\\firebase-functions\\lib\\index.js"} {"metadata":{"emulator":{"name":"functions"},"message":"[runtime-status] [11068] Resolved module firebase-functions {\"declared\":true,\"installed\":true,\"version\":\"3.14.0\",\"resolution\":\"E:\\\\Projects\\\\Frontend\\\\react_projects\\\\amazon-clone-1\\\\functions\\\\node_modules\\\\firebase-functions\\\\lib\\\\index.js\"}"}}
[debug] [2021-05-14T05:33:41.017Z] [runtime-status] [11068] Resolved module firebase-functions {"declared":true,"installed":true,"version":"3.14.0","resolution":"E:\\Projects\\Frontend\\react_projects\\amazon-clone-1\\functions\\node_modules\\firebase-functions\\lib\\index.js"} {"metadata":{"emulator":{"name":"functions"},"message":"[runtime-status] [11068] Resolved module firebase-functions {\"declared\":true,\"installed\":true,\"version\":\"3.14.0\",\"resolution\":\"E:\\\\Projects\\\\Frontend\\\\react_projects\\\\amazon-clone-1\\\\functions\\\\node_modules\\\\firebase-functions\\\\lib\\\\index.js\"}"}}
[debug] [2021-05-14T05:33:41.025Z] [runtime-status] [11068] Outgoing network have been stubbed. [{"name":"http","status":"mocked"},{"name":"http","status":"mocked"},{"name":"https","status":"mocked"},{"name":"https","status":"mocked"},{"name":"net","status":"mocked"}] {"metadata":{"emulator":{"name":"functions"},"message":"[runtime-status] [11068] Outgoing network have been stubbed. [{\"name\":\"http\",\"status\":\"mocked\"},{\"name\":\"http\",\"status\":\"mocked\"},{\"name\":\"https\",\"status\":\"mocked\"},{\"name\":\"https\",\"status\":\"mocked\"},{\"name\":\"net\",\"status\":\"mocked\"}]"}}
[debug] [2021-05-14T05:33:41.026Z] [runtime-status] [11068] Resolved module firebase-functions {"declared":true,"installed":true,"version":"3.14.0","resolution":"E:\\Projects\\Frontend\\react_projects\\amazon-clone-1\\functions\\node_modules\\firebase-functions\\lib\\index.js"} {"metadata":{"emulator":{"name":"functions"},"message":"[runtime-status] [11068] Resolved module firebase-functions {\"declared\":true,\"installed\":true,\"version\":\"3.14.0\",\"resolution\":\"E:\\\\Projects\\\\Frontend\\\\react_projects\\\\amazon-clone-1\\\\functions\\\\node_modules\\\\firebase-functions\\\\lib\\\\index.js\"}"}}
[debug] [2021-05-14T05:33:41.130Z] [runtime-status] [11068] Checked functions.config() {"config":{}} {"metadata":{"emulator":{"name":"functions"},"message":"[runtime-status] [11068] Checked functions.config() {\"config\":{}}"}}
[debug] [2021-05-14T05:33:41.131Z] [runtime-status] [11068] firebase-functions has been stubbed. {"functionsResolution":{"declared":true,"installed":true,"version":"3.14.0","resolution":"E:\\Projects\\Frontend\\react_projects\\amazon-clone-1\\functions\\node_modules\\firebase-functions\\lib\\index.js"}} {"metadata":{"emulator":{"name":"functions"},"message":"[runtime-status] [11068] firebase-functions has been stubbed. {\"functionsResolution\":{\"declared\":true,\"installed\":true,\"version\":\"3.14.0\",\"resolution\":\"E:\\\\Projects\\\\Frontend\\\\react_projects\\\\amazon-clone-1\\\\functions\\\\node_modules\\\\firebase-functions\\\\lib\\\\index.js\"}}"}}
[debug] [2021-05-14T05:33:41.132Z] [runtime-status] [11068] Resolved module firebase-functions {"declared":true,"installed":true,"version":"3.14.0","resolution":"E:\\Projects\\Frontend\\react_projects\\amazon-clone-1\\functions\\node_modules\\firebase-functions\\lib\\index.js"} {"metadata":{"emulator":{"name":"functions"},"message":"[runtime-status] [11068] Resolved module firebase-functions {\"declared\":true,\"installed\":true,\"version\":\"3.14.0\",\"resolution\":\"E:\\\\Projects\\\\Frontend\\\\react_projects\\\\amazon-clone-1\\\\functions\\\\node_modules\\\\firebase-functions\\\\lib\\\\index.js\"}"}}
[debug] [2021-05-14T05:33:41.135Z] [runtime-status] [11068] Resolved module firebase-admin {"declared":true,"installed":true,"version":"9.8.0","resolution":"E:\\Projects\\Frontend\\react_projects\\amazon-clone-1\\functions\\node_modules\\firebase-admin\\lib\\index.js"} {"metadata":{"emulator":{"name":"functions"},"message":"[runtime-status] [11068] Resolved module firebase-admin {\"declared\":true,\"installed\":true,\"version\":\"9.8.0\",\"resolution\":\"E:\\\\Projects\\\\Frontend\\\\react_projects\\\\amazon-clone-1\\\\functions\\\\node_modules\\\\firebase-admin\\\\lib\\\\index.js\"}"}}
[debug] [2021-05-14T05:33:41.136Z] [runtime-status] [11068] Resolved module firebase-functions {"declared":true,"installed":true,"version":"3.14.0","resolution":"E:\\Projects\\Frontend\\react_projects\\amazon-clone-1\\functions\\node_modules\\firebase-functions\\lib\\index.js"} {"metadata":{"emulator":{"name":"functions"},"message":"[runtime-status] [11068] Resolved module firebase-functions {\"declared\":true,\"installed\":true,\"version\":\"3.14.0\",\"resolution\":\"E:\\\\Projects\\\\Frontend\\\\react_projects\\\\amazon-clone-1\\\\functions\\\\node_modules\\\\firebase-functions\\\\lib\\\\index.js\"}"}}
[debug] [2021-05-14T05:33:41.137Z] [runtime-status] [11068] firebase-admin has been stubbed. {"adminResolution":{"declared":true,"installed":true,"version":"9.8.0","resolution":"E:\\Projects\\Frontend\\react_projects\\amazon-clone-1\\functions\\node_modules\\firebase-admin\\lib\\index.js"}} {"metadata":{"emulator":{"name":"functions"},"message":"[runtime-status] [11068] firebase-admin has been stubbed. {\"adminResolution\":{\"declared\":true,\"installed\":true,\"version\":\"9.8.0\",\"resolution\":\"E:\\\\Projects\\\\Frontend\\\\react_projects\\\\amazon-clone-1\\\\functions\\\\node_modules\\\\firebase-admin\\\\lib\\\\index.js\"}}"}}
[debug] [2021-05-14T05:33:41.847Z] [worker-~diagnostic~-1b13f065-fa92-49a8-9e14-d524fb48d326]: IDLE {"metadata":{"emulator":{"name":"functions"},"message":"[worker-~diagnostic~-1b13f065-fa92-49a8-9e14-d524fb48d326]: IDLE"}}
[debug] [2021-05-14T05:34:06.723Z] File E:\Projects\Frontend\react_projects\amazon-clone-1\functions\index.js changed, reloading triggers {"metadata":{"emulator":{"name":"functions"},"message":"File E:\\Projects\\Frontend\\react_projects\\amazon-clone-1\\functions\\index.js changed, reloading triggers"}}
